{"C:\\Users\\alfon\\Desktop\\PROGRAMACION\\PROYECTOS_WEB\\REACT-ZONA_GAMER\\app-Zona-Gamer-V0.1\\src\\components\\Dashboard\\DashboardLayout.jsx": {"path":"C:\\Users\\alfon\\Desktop\\PROGRAMACION\\PROYECTOS_WEB\\REACT-ZONA_GAMER\\app-Zona-Gamer-V0.1\\src\\components\\Dashboard\\DashboardLayout.jsx","all":true,"statementMap":{"0":{"start":{"line":1,"column":0},"end":{"line":1,"column":32}},"2":{"start":{"line":3,"column":0},"end":{"line":3,"column":76}},"3":{"start":{"line":4,"column":0},"end":{"line":4,"column":12}},"4":{"start":{"line":5,"column":0},"end":{"line":5,"column":49}},"5":{"start":{"line":6,"column":0},"end":{"line":6,"column":34}},"7":{"start":{"line":8,"column":0},"end":{"line":8,"column":93}},"10":{"start":{"line":11,"column":0},"end":{"line":11,"column":51}},"11":{"start":{"line":12,"column":0},"end":{"line":12,"column":55}},"12":{"start":{"line":13,"column":0},"end":{"line":13,"column":34}},"13":{"start":{"line":14,"column":0},"end":{"line":14,"column":26}},"14":{"start":{"line":15,"column":0},"end":{"line":15,"column":23}},"15":{"start":{"line":16,"column":0},"end":{"line":16,"column":18}},"16":{"start":{"line":17,"column":0},"end":{"line":17,"column":14}},"18":{"start":{"line":19,"column":0},"end":{"line":19,"column":2}},"20":{"start":{"line":21,"column":0},"end":{"line":21,"column":31}}},"s":{"0":0,"2":0,"3":0,"4":0,"5":0,"7":0,"10":0,"11":0,"12":0,"13":0,"14":0,"15":0,"16":0,"18":0,"20":0},"branchMap":{"0":{"type":"branch","line":1,"loc":{"start":{"line":1,"column":663},"end":{"line":21,"column":31}},"locations":[{"start":{"line":1,"column":663},"end":{"line":21,"column":31}}]}},"b":{"0":[0]},"fnMap":{"0":{"name":"(empty-report)","decl":{"start":{"line":1,"column":663},"end":{"line":21,"column":31}},"loc":{"start":{"line":1,"column":663},"end":{"line":21,"column":31}},"line":1}},"f":{"0":0}}
,"C:\\Users\\alfon\\Desktop\\PROGRAMACION\\PROYECTOS_WEB\\REACT-ZONA_GAMER\\app-Zona-Gamer-V0.1\\src\\components\\Dashboard\\ProductsManagement.jsx": {"path":"C:\\Users\\alfon\\Desktop\\PROGRAMACION\\PROYECTOS_WEB\\REACT-ZONA_GAMER\\app-Zona-Gamer-V0.1\\src\\components\\Dashboard\\ProductsManagement.jsx","all":true,"statementMap":{"0":{"start":{"line":1,"column":0},"end":{"line":1,"column":44}},"1":{"start":{"line":2,"column":0},"end":{"line":2,"column":60}},"2":{"start":{"line":3,"column":0},"end":{"line":3,"column":58}},"4":{"start":{"line":5,"column":0},"end":{"line":5,"column":34}},"6":{"start":{"line":7,"column":0},"end":{"line":7,"column":60}},"7":{"start":{"line":8,"column":0},"end":{"line":8,"column":62}},"8":{"start":{"line":9,"column":0},"end":{"line":9,"column":66}},"9":{"start":{"line":10,"column":0},"end":{"line":10,"column":65}},"12":{"start":{"line":13,"column":0},"end":{"line":13,"column":49}},"13":{"start":{"line":14,"column":0},"end":{"line":14,"column":53}},"14":{"start":{"line":15,"column":0},"end":{"line":15,"column":68}},"17":{"start":{"line":18,"column":0},"end":{"line":18,"column":53}},"18":{"start":{"line":19,"column":0},"end":{"line":19,"column":45}},"21":{"start":{"line":22,"column":0},"end":{"line":22,"column":46}},"22":{"start":{"line":23,"column":0},"end":{"line":23,"column":17}},"23":{"start":{"line":24,"column":0},"end":{"line":24,"column":23}},"24":{"start":{"line":25,"column":0},"end":{"line":25,"column":18}},"25":{"start":{"line":26,"column":0},"end":{"line":26,"column":18}},"26":{"start":{"line":27,"column":0},"end":{"line":27,"column":18}},"27":{"start":{"line":28,"column":0},"end":{"line":28,"column":23}},"28":{"start":{"line":29,"column":0},"end":{"line":29,"column":7}},"31":{"start":{"line":32,"column":0},"end":{"line":32,"column":21}},"32":{"start":{"line":33,"column":0},"end":{"line":33,"column":19}},"33":{"start":{"line":34,"column":0},"end":{"line":34,"column":11}},"35":{"start":{"line":36,"column":0},"end":{"line":36,"column":34}},"36":{"start":{"line":37,"column":0},"end":{"line":37,"column":13}},"37":{"start":{"line":38,"column":0},"end":{"line":38,"column":31}},"38":{"start":{"line":39,"column":0},"end":{"line":39,"column":27}},"40":{"start":{"line":41,"column":0},"end":{"line":41,"column":81}},"41":{"start":{"line":42,"column":0},"end":{"line":42,"column":38}},"42":{"start":{"line":43,"column":0},"end":{"line":43,"column":34}},"43":{"start":{"line":44,"column":0},"end":{"line":44,"column":39}},"44":{"start":{"line":45,"column":0},"end":{"line":45,"column":15}},"46":{"start":{"line":47,"column":0},"end":{"line":47,"column":38}},"47":{"start":{"line":48,"column":0},"end":{"line":48,"column":42}},"48":{"start":{"line":49,"column":0},"end":{"line":49,"column":32}},"49":{"start":{"line":50,"column":0},"end":{"line":50,"column":23}},"50":{"start":{"line":51,"column":0},"end":{"line":51,"column":50}},"51":{"start":{"line":52,"column":0},"end":{"line":52,"column":31}},"52":{"start":{"line":53,"column":0},"end":{"line":53,"column":19}},"53":{"start":{"line":54,"column":0},"end":{"line":54,"column":32}},"54":{"start":{"line":55,"column":0},"end":{"line":55,"column":9}},"55":{"start":{"line":56,"column":0},"end":{"line":56,"column":6}},"58":{"start":{"line":59,"column":0},"end":{"line":59,"column":38}},"59":{"start":{"line":60,"column":0},"end":{"line":60,"column":41}},"60":{"start":{"line":61,"column":0},"end":{"line":61,"column":58}},"61":{"start":{"line":62,"column":0},"end":{"line":62,"column":6}},"63":{"start":{"line":64,"column":0},"end":{"line":64,"column":29}},"64":{"start":{"line":65,"column":0},"end":{"line":65,"column":21}},"65":{"start":{"line":66,"column":0},"end":{"line":66,"column":21}},"66":{"start":{"line":67,"column":0},"end":{"line":67,"column":27}},"67":{"start":{"line":68,"column":0},"end":{"line":68,"column":22}},"68":{"start":{"line":69,"column":0},"end":{"line":69,"column":22}},"69":{"start":{"line":70,"column":0},"end":{"line":70,"column":22}},"70":{"start":{"line":71,"column":0},"end":{"line":71,"column":27}},"71":{"start":{"line":72,"column":0},"end":{"line":72,"column":11}},"72":{"start":{"line":73,"column":0},"end":{"line":73,"column":6}},"75":{"start":{"line":76,"column":0},"end":{"line":76,"column":43}},"76":{"start":{"line":77,"column":0},"end":{"line":77,"column":27}},"77":{"start":{"line":78,"column":0},"end":{"line":78,"column":13}},"78":{"start":{"line":79,"column":0},"end":{"line":79,"column":48}},"79":{"start":{"line":80,"column":0},"end":{"line":80,"column":29}},"80":{"start":{"line":81,"column":0},"end":{"line":81,"column":35}},"81":{"start":{"line":82,"column":0},"end":{"line":82,"column":24}},"82":{"start":{"line":83,"column":0},"end":{"line":83,"column":23}},"83":{"start":{"line":84,"column":0},"end":{"line":84,"column":47}},"84":{"start":{"line":85,"column":0},"end":{"line":85,"column":9}},"85":{"start":{"line":86,"column":0},"end":{"line":86,"column":6}},"87":{"start":{"line":88,"column":0},"end":{"line":88,"column":42}},"88":{"start":{"line":89,"column":0},"end":{"line":89,"column":36}},"89":{"start":{"line":90,"column":0},"end":{"line":90,"column":21}},"90":{"start":{"line":91,"column":0},"end":{"line":91,"column":31}},"91":{"start":{"line":92,"column":0},"end":{"line":92,"column":43}},"92":{"start":{"line":93,"column":0},"end":{"line":93,"column":44}},"93":{"start":{"line":94,"column":0},"end":{"line":94,"column":44}},"94":{"start":{"line":95,"column":0},"end":{"line":95,"column":36}},"95":{"start":{"line":96,"column":0},"end":{"line":96,"column":50}},"96":{"start":{"line":97,"column":0},"end":{"line":97,"column":11}},"97":{"start":{"line":98,"column":0},"end":{"line":98,"column":31}},"98":{"start":{"line":99,"column":0},"end":{"line":99,"column":6}},"100":{"start":{"line":101,"column":0},"end":{"line":101,"column":46}},"101":{"start":{"line":102,"column":0},"end":{"line":102,"column":27}},"102":{"start":{"line":103,"column":0},"end":{"line":103,"column":13}},"103":{"start":{"line":104,"column":0},"end":{"line":104,"column":68}},"104":{"start":{"line":105,"column":0},"end":{"line":105,"column":29}},"105":{"start":{"line":106,"column":0},"end":{"line":106,"column":36}},"106":{"start":{"line":107,"column":0},"end":{"line":107,"column":37}},"107":{"start":{"line":108,"column":0},"end":{"line":108,"column":24}},"108":{"start":{"line":109,"column":0},"end":{"line":109,"column":23}},"109":{"start":{"line":110,"column":0},"end":{"line":110,"column":50}},"110":{"start":{"line":111,"column":0},"end":{"line":111,"column":9}},"111":{"start":{"line":112,"column":0},"end":{"line":112,"column":6}},"113":{"start":{"line":114,"column":0},"end":{"line":114,"column":44}},"114":{"start":{"line":115,"column":0},"end":{"line":115,"column":36}},"115":{"start":{"line":116,"column":0},"end":{"line":116,"column":33}},"116":{"start":{"line":117,"column":0},"end":{"line":117,"column":6}},"118":{"start":{"line":119,"column":0},"end":{"line":119,"column":45}},"119":{"start":{"line":120,"column":0},"end":{"line":120,"column":13}},"120":{"start":{"line":121,"column":0},"end":{"line":121,"column":58}},"121":{"start":{"line":122,"column":0},"end":{"line":122,"column":29}},"122":{"start":{"line":123,"column":0},"end":{"line":123,"column":38}},"123":{"start":{"line":124,"column":0},"end":{"line":124,"column":37}},"124":{"start":{"line":125,"column":0},"end":{"line":125,"column":23}},"125":{"start":{"line":126,"column":0},"end":{"line":126,"column":48}},"126":{"start":{"line":127,"column":0},"end":{"line":127,"column":9}},"127":{"start":{"line":128,"column":0},"end":{"line":128,"column":6}},"130":{"start":{"line":131,"column":0},"end":{"line":131,"column":45}},"131":{"start":{"line":132,"column":0},"end":{"line":132,"column":39}},"132":{"start":{"line":133,"column":0},"end":{"line":133,"column":55}},"133":{"start":{"line":134,"column":0},"end":{"line":134,"column":31}},"134":{"start":{"line":135,"column":0},"end":{"line":135,"column":74}},"135":{"start":{"line":136,"column":0},"end":{"line":136,"column":45}},"136":{"start":{"line":137,"column":0},"end":{"line":137,"column":13}},"137":{"start":{"line":138,"column":0},"end":{"line":138,"column":9}},"138":{"start":{"line":139,"column":0},"end":{"line":139,"column":31}},"139":{"start":{"line":140,"column":0},"end":{"line":140,"column":6}},"141":{"start":{"line":142,"column":0},"end":{"line":142,"column":46}},"142":{"start":{"line":143,"column":0},"end":{"line":143,"column":69}},"143":{"start":{"line":144,"column":0},"end":{"line":144,"column":9}},"144":{"start":{"line":145,"column":0},"end":{"line":145,"column":6}},"146":{"start":{"line":147,"column":0},"end":{"line":147,"column":45}},"147":{"start":{"line":148,"column":0},"end":{"line":148,"column":116}},"148":{"start":{"line":149,"column":0},"end":{"line":149,"column":17}},"149":{"start":{"line":150,"column":0},"end":{"line":150,"column":43}},"150":{"start":{"line":151,"column":0},"end":{"line":151,"column":33}},"151":{"start":{"line":152,"column":0},"end":{"line":152,"column":59}},"152":{"start":{"line":153,"column":0},"end":{"line":153,"column":27}},"153":{"start":{"line":154,"column":0},"end":{"line":154,"column":53}},"154":{"start":{"line":155,"column":0},"end":{"line":155,"column":13}},"155":{"start":{"line":156,"column":0},"end":{"line":156,"column":9}},"156":{"start":{"line":157,"column":0},"end":{"line":157,"column":6}},"158":{"start":{"line":159,"column":0},"end":{"line":159,"column":12}},"159":{"start":{"line":160,"column":0},"end":{"line":160,"column":35}},"161":{"start":{"line":162,"column":0},"end":{"line":162,"column":63}},"162":{"start":{"line":163,"column":0},"end":{"line":163,"column":21}},"163":{"start":{"line":164,"column":0},"end":{"line":164,"column":95}},"164":{"start":{"line":165,"column":0},"end":{"line":165,"column":93}},"165":{"start":{"line":166,"column":0},"end":{"line":166,"column":22}},"166":{"start":{"line":167,"column":0},"end":{"line":167,"column":44}},"168":{"start":{"line":169,"column":0},"end":{"line":169,"column":27}},"169":{"start":{"line":170,"column":0},"end":{"line":170,"column":53}},"170":{"start":{"line":171,"column":0},"end":{"line":171,"column":169}},"171":{"start":{"line":172,"column":0},"end":{"line":172,"column":72}},"173":{"start":{"line":174,"column":0},"end":{"line":174,"column":103}},"174":{"start":{"line":175,"column":0},"end":{"line":175,"column":209}},"175":{"start":{"line":176,"column":0},"end":{"line":176,"column":30}},"177":{"start":{"line":178,"column":0},"end":{"line":178,"column":29}},"179":{"start":{"line":180,"column":0},"end":{"line":180,"column":27}},"180":{"start":{"line":181,"column":0},"end":{"line":181,"column":61}},"181":{"start":{"line":182,"column":0},"end":{"line":182,"column":184}},"183":{"start":{"line":184,"column":0},"end":{"line":184,"column":103}},"184":{"start":{"line":185,"column":0},"end":{"line":185,"column":116}},"185":{"start":{"line":186,"column":0},"end":{"line":186,"column":30}},"186":{"start":{"line":187,"column":0},"end":{"line":187,"column":53}},"187":{"start":{"line":188,"column":0},"end":{"line":188,"column":29}},"188":{"start":{"line":189,"column":0},"end":{"line":189,"column":22}},"189":{"start":{"line":190,"column":0},"end":{"line":190,"column":18}},"192":{"start":{"line":193,"column":0},"end":{"line":193,"column":68}},"193":{"start":{"line":194,"column":0},"end":{"line":194,"column":103}},"194":{"start":{"line":195,"column":0},"end":{"line":195,"column":61}},"195":{"start":{"line":196,"column":0},"end":{"line":196,"column":103}},"196":{"start":{"line":197,"column":0},"end":{"line":197,"column":121}},"197":{"start":{"line":198,"column":0},"end":{"line":198,"column":169}},"198":{"start":{"line":199,"column":0},"end":{"line":199,"column":34}},"199":{"start":{"line":200,"column":0},"end":{"line":200,"column":30}},"200":{"start":{"line":201,"column":0},"end":{"line":201,"column":60}},"201":{"start":{"line":202,"column":0},"end":{"line":202,"column":84}},"202":{"start":{"line":203,"column":0},"end":{"line":203,"column":76}},"203":{"start":{"line":204,"column":0},"end":{"line":204,"column":65}},"204":{"start":{"line":205,"column":0},"end":{"line":205,"column":32}},"205":{"start":{"line":206,"column":0},"end":{"line":206,"column":30}},"206":{"start":{"line":207,"column":0},"end":{"line":207,"column":26}},"207":{"start":{"line":208,"column":0},"end":{"line":208,"column":22}},"209":{"start":{"line":210,"column":0},"end":{"line":210,"column":102}},"210":{"start":{"line":211,"column":0},"end":{"line":211,"column":61}},"211":{"start":{"line":212,"column":0},"end":{"line":212,"column":104}},"212":{"start":{"line":213,"column":0},"end":{"line":213,"column":122}},"213":{"start":{"line":214,"column":0},"end":{"line":214,"column":151}},"214":{"start":{"line":215,"column":0},"end":{"line":215,"column":34}},"215":{"start":{"line":216,"column":0},"end":{"line":216,"column":30}},"216":{"start":{"line":217,"column":0},"end":{"line":217,"column":60}},"217":{"start":{"line":218,"column":0},"end":{"line":218,"column":77}},"218":{"start":{"line":219,"column":0},"end":{"line":219,"column":76}},"219":{"start":{"line":220,"column":0},"end":{"line":220,"column":70}},"220":{"start":{"line":221,"column":0},"end":{"line":221,"column":32}},"221":{"start":{"line":222,"column":0},"end":{"line":222,"column":30}},"222":{"start":{"line":223,"column":0},"end":{"line":223,"column":26}},"223":{"start":{"line":224,"column":0},"end":{"line":224,"column":22}},"225":{"start":{"line":226,"column":0},"end":{"line":226,"column":102}},"226":{"start":{"line":227,"column":0},"end":{"line":227,"column":61}},"227":{"start":{"line":228,"column":0},"end":{"line":228,"column":105}},"228":{"start":{"line":229,"column":0},"end":{"line":229,"column":123}},"229":{"start":{"line":230,"column":0},"end":{"line":230,"column":230}},"230":{"start":{"line":231,"column":0},"end":{"line":231,"column":34}},"231":{"start":{"line":232,"column":0},"end":{"line":232,"column":30}},"232":{"start":{"line":233,"column":0},"end":{"line":233,"column":60}},"233":{"start":{"line":234,"column":0},"end":{"line":234,"column":79}},"234":{"start":{"line":235,"column":0},"end":{"line":235,"column":97}},"235":{"start":{"line":236,"column":0},"end":{"line":236,"column":30}},"236":{"start":{"line":237,"column":0},"end":{"line":237,"column":26}},"237":{"start":{"line":238,"column":0},"end":{"line":238,"column":22}},"238":{"start":{"line":239,"column":0},"end":{"line":239,"column":18}},"241":{"start":{"line":242,"column":0},"end":{"line":242,"column":104}},"242":{"start":{"line":243,"column":0},"end":{"line":243,"column":27}},"243":{"start":{"line":244,"column":0},"end":{"line":244,"column":101}},"246":{"start":{"line":247,"column":0},"end":{"line":247,"column":30}},"247":{"start":{"line":248,"column":0},"end":{"line":248,"column":69}},"248":{"start":{"line":249,"column":0},"end":{"line":249,"column":123}},"250":{"start":{"line":251,"column":0},"end":{"line":251,"column":26}},"251":{"start":{"line":252,"column":0},"end":{"line":252,"column":45}},"252":{"start":{"line":253,"column":0},"end":{"line":253,"column":69}},"253":{"start":{"line":254,"column":0},"end":{"line":254,"column":132}},"254":{"start":{"line":255,"column":0},"end":{"line":255,"column":297}},"255":{"start":{"line":256,"column":0},"end":{"line":256,"column":30}},"256":{"start":{"line":257,"column":0},"end":{"line":257,"column":96}},"257":{"start":{"line":258,"column":0},"end":{"line":258,"column":88}},"258":{"start":{"line":259,"column":0},"end":{"line":259,"column":26}},"260":{"start":{"line":261,"column":0},"end":{"line":261,"column":53}},"261":{"start":{"line":262,"column":0},"end":{"line":262,"column":50}},"262":{"start":{"line":263,"column":0},"end":{"line":263,"column":83}},"263":{"start":{"line":264,"column":0},"end":{"line":264,"column":36}},"264":{"start":{"line":265,"column":0},"end":{"line":265,"column":133}},"265":{"start":{"line":266,"column":0},"end":{"line":266,"column":134}},"266":{"start":{"line":267,"column":0},"end":{"line":267,"column":131}},"267":{"start":{"line":268,"column":0},"end":{"line":268,"column":130}},"268":{"start":{"line":269,"column":0},"end":{"line":269,"column":133}},"269":{"start":{"line":270,"column":0},"end":{"line":270,"column":37}},"270":{"start":{"line":271,"column":0},"end":{"line":271,"column":36}},"271":{"start":{"line":272,"column":0},"end":{"line":272,"column":72}},"272":{"start":{"line":273,"column":0},"end":{"line":273,"column":60}},"273":{"start":{"line":274,"column":0},"end":{"line":274,"column":104}},"274":{"start":{"line":275,"column":0},"end":{"line":275,"column":68}},"275":{"start":{"line":276,"column":0},"end":{"line":276,"column":85}},"276":{"start":{"line":277,"column":0},"end":{"line":277,"column":53}},"277":{"start":{"line":278,"column":0},"end":{"line":278,"column":75}},"278":{"start":{"line":279,"column":0},"end":{"line":279,"column":70}},"279":{"start":{"line":280,"column":0},"end":{"line":280,"column":120}},"280":{"start":{"line":281,"column":0},"end":{"line":281,"column":50}},"281":{"start":{"line":282,"column":0},"end":{"line":282,"column":111}},"282":{"start":{"line":283,"column":0},"end":{"line":283,"column":50}},"283":{"start":{"line":284,"column":0},"end":{"line":284,"column":45}},"284":{"start":{"line":285,"column":0},"end":{"line":285,"column":86}},"285":{"start":{"line":286,"column":0},"end":{"line":286,"column":131}},"286":{"start":{"line":287,"column":0},"end":{"line":287,"column":85}},"287":{"start":{"line":288,"column":0},"end":{"line":288,"column":51}},"288":{"start":{"line":289,"column":0},"end":{"line":289,"column":45}},"289":{"start":{"line":290,"column":0},"end":{"line":290,"column":114}},"290":{"start":{"line":291,"column":0},"end":{"line":291,"column":94}},"291":{"start":{"line":292,"column":0},"end":{"line":292,"column":45}},"292":{"start":{"line":293,"column":0},"end":{"line":293,"column":86}},"293":{"start":{"line":294,"column":0},"end":{"line":294,"column":107}},"294":{"start":{"line":295,"column":0},"end":{"line":295,"column":66}},"295":{"start":{"line":296,"column":0},"end":{"line":296,"column":83}},"296":{"start":{"line":297,"column":0},"end":{"line":297,"column":71}},"297":{"start":{"line":298,"column":0},"end":{"line":298,"column":85}},"298":{"start":{"line":299,"column":0},"end":{"line":299,"column":79}},"299":{"start":{"line":300,"column":0},"end":{"line":300,"column":48}},"300":{"start":{"line":301,"column":0},"end":{"line":301,"column":72}},"301":{"start":{"line":302,"column":0},"end":{"line":302,"column":51}},"302":{"start":{"line":303,"column":0},"end":{"line":303,"column":45}},"303":{"start":{"line":304,"column":0},"end":{"line":304,"column":86}},"304":{"start":{"line":305,"column":0},"end":{"line":305,"column":72}},"305":{"start":{"line":306,"column":0},"end":{"line":306,"column":56}},"306":{"start":{"line":307,"column":0},"end":{"line":307,"column":92}},"307":{"start":{"line":308,"column":0},"end":{"line":308,"column":127}},"308":{"start":{"line":309,"column":0},"end":{"line":309,"column":66}},"310":{"start":{"line":311,"column":0},"end":{"line":311,"column":131}},"311":{"start":{"line":312,"column":0},"end":{"line":312,"column":248}},"312":{"start":{"line":313,"column":0},"end":{"line":313,"column":58}},"313":{"start":{"line":314,"column":0},"end":{"line":314,"column":57}},"314":{"start":{"line":315,"column":0},"end":{"line":315,"column":56}},"315":{"start":{"line":316,"column":0},"end":{"line":316,"column":94}},"316":{"start":{"line":317,"column":0},"end":{"line":317,"column":125}},"317":{"start":{"line":318,"column":0},"end":{"line":318,"column":68}},"319":{"start":{"line":320,"column":0},"end":{"line":320,"column":131}},"320":{"start":{"line":321,"column":0},"end":{"line":321,"column":254}},"321":{"start":{"line":322,"column":0},"end":{"line":322,"column":58}},"322":{"start":{"line":323,"column":0},"end":{"line":323,"column":57}},"323":{"start":{"line":324,"column":0},"end":{"line":324,"column":50}},"324":{"start":{"line":325,"column":0},"end":{"line":325,"column":45}},"325":{"start":{"line":326,"column":0},"end":{"line":326,"column":41}},"326":{"start":{"line":327,"column":0},"end":{"line":327,"column":35}},"327":{"start":{"line":328,"column":0},"end":{"line":328,"column":36}},"328":{"start":{"line":329,"column":0},"end":{"line":329,"column":32}},"329":{"start":{"line":330,"column":0},"end":{"line":330,"column":26}},"331":{"start":{"line":332,"column":0},"end":{"line":332,"column":18}},"334":{"start":{"line":335,"column":0},"end":{"line":335,"column":30}},"335":{"start":{"line":336,"column":0},"end":{"line":336,"column":112}},"336":{"start":{"line":337,"column":0},"end":{"line":337,"column":115}},"337":{"start":{"line":338,"column":0},"end":{"line":338,"column":134}},"338":{"start":{"line":339,"column":0},"end":{"line":339,"column":105}},"339":{"start":{"line":340,"column":0},"end":{"line":340,"column":36}},"340":{"start":{"line":341,"column":0},"end":{"line":341,"column":48}},"341":{"start":{"line":342,"column":0},"end":{"line":342,"column":59}},"342":{"start":{"line":343,"column":0},"end":{"line":343,"column":48}},"343":{"start":{"line":344,"column":0},"end":{"line":344,"column":34}},"344":{"start":{"line":345,"column":0},"end":{"line":345,"column":96}},"346":{"start":{"line":347,"column":0},"end":{"line":347,"column":111}},"347":{"start":{"line":348,"column":0},"end":{"line":348,"column":130}},"348":{"start":{"line":349,"column":0},"end":{"line":349,"column":38}},"349":{"start":{"line":350,"column":0},"end":{"line":350,"column":37}},"350":{"start":{"line":351,"column":0},"end":{"line":351,"column":30}},"352":{"start":{"line":353,"column":0},"end":{"line":353,"column":86}},"353":{"start":{"line":354,"column":0},"end":{"line":354,"column":33}},"354":{"start":{"line":355,"column":0},"end":{"line":355,"column":126}},"355":{"start":{"line":356,"column":0},"end":{"line":356,"column":38}},"356":{"start":{"line":357,"column":0},"end":{"line":357,"column":47}},"357":{"start":{"line":358,"column":0},"end":{"line":358,"column":47}},"358":{"start":{"line":359,"column":0},"end":{"line":359,"column":57}},"359":{"start":{"line":360,"column":0},"end":{"line":360,"column":64}},"360":{"start":{"line":361,"column":0},"end":{"line":361,"column":44}},"361":{"start":{"line":362,"column":0},"end":{"line":362,"column":173}},"362":{"start":{"line":363,"column":0},"end":{"line":363,"column":74}},"363":{"start":{"line":364,"column":0},"end":{"line":364,"column":34}},"364":{"start":{"line":365,"column":0},"end":{"line":365,"column":34}},"366":{"start":{"line":367,"column":0},"end":{"line":367,"column":33}},"367":{"start":{"line":368,"column":0},"end":{"line":368,"column":116}},"368":{"start":{"line":369,"column":0},"end":{"line":369,"column":39}},"369":{"start":{"line":370,"column":0},"end":{"line":370,"column":53}},"370":{"start":{"line":371,"column":0},"end":{"line":371,"column":63}},"371":{"start":{"line":372,"column":0},"end":{"line":372,"column":64}},"372":{"start":{"line":373,"column":0},"end":{"line":373,"column":44}},"373":{"start":{"line":374,"column":0},"end":{"line":374,"column":173}},"375":{"start":{"line":376,"column":0},"end":{"line":376,"column":86}},"376":{"start":{"line":377,"column":0},"end":{"line":377,"column":60}},"377":{"start":{"line":378,"column":0},"end":{"line":378,"column":80}},"378":{"start":{"line":379,"column":0},"end":{"line":379,"column":61}},"379":{"start":{"line":380,"column":0},"end":{"line":380,"column":75}},"380":{"start":{"line":381,"column":0},"end":{"line":381,"column":92}},"381":{"start":{"line":382,"column":0},"end":{"line":382,"column":68}},"382":{"start":{"line":383,"column":0},"end":{"line":383,"column":61}},"383":{"start":{"line":384,"column":0},"end":{"line":384,"column":50}},"385":{"start":{"line":386,"column":0},"end":{"line":386,"column":90}},"387":{"start":{"line":388,"column":0},"end":{"line":388,"column":51}},"388":{"start":{"line":389,"column":0},"end":{"line":389,"column":39}},"389":{"start":{"line":390,"column":0},"end":{"line":390,"column":41}},"390":{"start":{"line":391,"column":0},"end":{"line":391,"column":34}},"392":{"start":{"line":393,"column":0},"end":{"line":393,"column":68}},"393":{"start":{"line":394,"column":0},"end":{"line":394,"column":37}},"394":{"start":{"line":395,"column":0},"end":{"line":395,"column":117}},"395":{"start":{"line":396,"column":0},"end":{"line":396,"column":42}},"396":{"start":{"line":397,"column":0},"end":{"line":397,"column":53}},"397":{"start":{"line":398,"column":0},"end":{"line":398,"column":52}},"398":{"start":{"line":399,"column":0},"end":{"line":399,"column":62}},"399":{"start":{"line":400,"column":0},"end":{"line":400,"column":68}},"400":{"start":{"line":401,"column":0},"end":{"line":401,"column":48}},"401":{"start":{"line":402,"column":0},"end":{"line":402,"column":47}},"402":{"start":{"line":403,"column":0},"end":{"line":403,"column":48}},"403":{"start":{"line":404,"column":0},"end":{"line":404,"column":177}},"404":{"start":{"line":405,"column":0},"end":{"line":405,"column":58}},"405":{"start":{"line":406,"column":0},"end":{"line":406,"column":38}},"406":{"start":{"line":407,"column":0},"end":{"line":407,"column":38}},"408":{"start":{"line":409,"column":0},"end":{"line":409,"column":37}},"409":{"start":{"line":410,"column":0},"end":{"line":410,"column":116}},"410":{"start":{"line":411,"column":0},"end":{"line":411,"column":42}},"411":{"start":{"line":412,"column":0},"end":{"line":412,"column":53}},"412":{"start":{"line":413,"column":0},"end":{"line":413,"column":52}},"413":{"start":{"line":414,"column":0},"end":{"line":414,"column":62}},"414":{"start":{"line":415,"column":0},"end":{"line":415,"column":68}},"415":{"start":{"line":416,"column":0},"end":{"line":416,"column":48}},"416":{"start":{"line":417,"column":0},"end":{"line":417,"column":47}},"417":{"start":{"line":418,"column":0},"end":{"line":418,"column":177}},"418":{"start":{"line":419,"column":0},"end":{"line":419,"column":55}},"419":{"start":{"line":420,"column":0},"end":{"line":420,"column":38}},"420":{"start":{"line":421,"column":0},"end":{"line":421,"column":38}},"421":{"start":{"line":422,"column":0},"end":{"line":422,"column":34}},"423":{"start":{"line":424,"column":0},"end":{"line":424,"column":33}},"424":{"start":{"line":425,"column":0},"end":{"line":425,"column":121}},"425":{"start":{"line":426,"column":0},"end":{"line":426,"column":38}},"426":{"start":{"line":427,"column":0},"end":{"line":427,"column":46}},"427":{"start":{"line":428,"column":0},"end":{"line":428,"column":48}},"428":{"start":{"line":429,"column":0},"end":{"line":429,"column":58}},"429":{"start":{"line":430,"column":0},"end":{"line":430,"column":64}},"430":{"start":{"line":431,"column":0},"end":{"line":431,"column":173}},"431":{"start":{"line":432,"column":0},"end":{"line":432,"column":80}},"432":{"start":{"line":433,"column":0},"end":{"line":433,"column":34}},"433":{"start":{"line":434,"column":0},"end":{"line":434,"column":34}},"435":{"start":{"line":436,"column":0},"end":{"line":436,"column":33}},"436":{"start":{"line":437,"column":0},"end":{"line":437,"column":116}},"437":{"start":{"line":438,"column":0},"end":{"line":438,"column":41}},"438":{"start":{"line":439,"column":0},"end":{"line":439,"column":54}},"439":{"start":{"line":440,"column":0},"end":{"line":440,"column":64}},"440":{"start":{"line":441,"column":0},"end":{"line":441,"column":64}},"441":{"start":{"line":442,"column":0},"end":{"line":442,"column":44}},"442":{"start":{"line":443,"column":0},"end":{"line":443,"column":173}},"443":{"start":{"line":444,"column":0},"end":{"line":444,"column":73}},"444":{"start":{"line":445,"column":0},"end":{"line":445,"column":34}},"445":{"start":{"line":446,"column":0},"end":{"line":446,"column":34}},"447":{"start":{"line":448,"column":0},"end":{"line":448,"column":63}},"448":{"start":{"line":449,"column":0},"end":{"line":449,"column":39}},"449":{"start":{"line":450,"column":0},"end":{"line":450,"column":49}},"450":{"start":{"line":451,"column":0},"end":{"line":451,"column":149}},"451":{"start":{"line":452,"column":0},"end":{"line":452,"column":33}},"453":{"start":{"line":454,"column":0},"end":{"line":454,"column":41}},"454":{"start":{"line":455,"column":0},"end":{"line":455,"column":39}},"455":{"start":{"line":456,"column":0},"end":{"line":456,"column":49}},"456":{"start":{"line":457,"column":0},"end":{"line":457,"column":52}},"457":{"start":{"line":458,"column":0},"end":{"line":458,"column":63}},"458":{"start":{"line":459,"column":0},"end":{"line":459,"column":52}},"459":{"start":{"line":460,"column":0},"end":{"line":460,"column":38}},"460":{"start":{"line":461,"column":0},"end":{"line":461,"column":153}},"461":{"start":{"line":462,"column":0},"end":{"line":462,"column":33}},"463":{"start":{"line":464,"column":0},"end":{"line":464,"column":41}},"464":{"start":{"line":465,"column":0},"end":{"line":465,"column":34}},"465":{"start":{"line":466,"column":0},"end":{"line":466,"column":31}},"466":{"start":{"line":467,"column":0},"end":{"line":467,"column":26}},"467":{"start":{"line":468,"column":0},"end":{"line":468,"column":22}},"471":{"start":{"line":472,"column":0},"end":{"line":472,"column":50}},"472":{"start":{"line":473,"column":0},"end":{"line":473,"column":112}},"473":{"start":{"line":474,"column":0},"end":{"line":474,"column":115}},"474":{"start":{"line":475,"column":0},"end":{"line":475,"column":134}},"475":{"start":{"line":476,"column":0},"end":{"line":476,"column":98}},"476":{"start":{"line":477,"column":0},"end":{"line":477,"column":36}},"477":{"start":{"line":478,"column":0},"end":{"line":478,"column":48}},"478":{"start":{"line":479,"column":0},"end":{"line":479,"column":60}},"479":{"start":{"line":480,"column":0},"end":{"line":480,"column":61}},"480":{"start":{"line":481,"column":0},"end":{"line":481,"column":48}},"481":{"start":{"line":482,"column":0},"end":{"line":482,"column":34}},"482":{"start":{"line":483,"column":0},"end":{"line":483,"column":95}},"484":{"start":{"line":485,"column":0},"end":{"line":485,"column":111}},"485":{"start":{"line":486,"column":0},"end":{"line":486,"column":130}},"486":{"start":{"line":487,"column":0},"end":{"line":487,"column":38}},"487":{"start":{"line":488,"column":0},"end":{"line":488,"column":37}},"488":{"start":{"line":489,"column":0},"end":{"line":489,"column":30}},"490":{"start":{"line":491,"column":0},"end":{"line":491,"column":89}},"491":{"start":{"line":492,"column":0},"end":{"line":492,"column":33}},"492":{"start":{"line":493,"column":0},"end":{"line":493,"column":126}},"493":{"start":{"line":494,"column":0},"end":{"line":494,"column":38}},"494":{"start":{"line":495,"column":0},"end":{"line":495,"column":47}},"495":{"start":{"line":496,"column":0},"end":{"line":496,"column":47}},"496":{"start":{"line":497,"column":0},"end":{"line":497,"column":57}},"497":{"start":{"line":498,"column":0},"end":{"line":498,"column":64}},"498":{"start":{"line":499,"column":0},"end":{"line":499,"column":44}},"499":{"start":{"line":500,"column":0},"end":{"line":500,"column":173}},"500":{"start":{"line":501,"column":0},"end":{"line":501,"column":34}},"501":{"start":{"line":502,"column":0},"end":{"line":502,"column":34}},"503":{"start":{"line":504,"column":0},"end":{"line":504,"column":33}},"504":{"start":{"line":505,"column":0},"end":{"line":505,"column":116}},"505":{"start":{"line":506,"column":0},"end":{"line":506,"column":39}},"506":{"start":{"line":507,"column":0},"end":{"line":507,"column":53}},"507":{"start":{"line":508,"column":0},"end":{"line":508,"column":63}},"508":{"start":{"line":509,"column":0},"end":{"line":509,"column":64}},"509":{"start":{"line":510,"column":0},"end":{"line":510,"column":44}},"510":{"start":{"line":511,"column":0},"end":{"line":511,"column":173}},"512":{"start":{"line":513,"column":0},"end":{"line":513,"column":86}},"513":{"start":{"line":514,"column":0},"end":{"line":514,"column":60}},"514":{"start":{"line":515,"column":0},"end":{"line":515,"column":80}},"515":{"start":{"line":516,"column":0},"end":{"line":516,"column":61}},"516":{"start":{"line":517,"column":0},"end":{"line":517,"column":75}},"517":{"start":{"line":518,"column":0},"end":{"line":518,"column":92}},"518":{"start":{"line":519,"column":0},"end":{"line":519,"column":68}},"519":{"start":{"line":520,"column":0},"end":{"line":520,"column":61}},"520":{"start":{"line":521,"column":0},"end":{"line":521,"column":50}},"522":{"start":{"line":523,"column":0},"end":{"line":523,"column":90}},"524":{"start":{"line":525,"column":0},"end":{"line":525,"column":51}},"525":{"start":{"line":526,"column":0},"end":{"line":526,"column":39}},"526":{"start":{"line":527,"column":0},"end":{"line":527,"column":41}},"527":{"start":{"line":528,"column":0},"end":{"line":528,"column":34}},"529":{"start":{"line":530,"column":0},"end":{"line":530,"column":68}},"530":{"start":{"line":531,"column":0},"end":{"line":531,"column":37}},"531":{"start":{"line":532,"column":0},"end":{"line":532,"column":117}},"532":{"start":{"line":533,"column":0},"end":{"line":533,"column":42}},"533":{"start":{"line":534,"column":0},"end":{"line":534,"column":53}},"534":{"start":{"line":535,"column":0},"end":{"line":535,"column":52}},"535":{"start":{"line":536,"column":0},"end":{"line":536,"column":62}},"536":{"start":{"line":537,"column":0},"end":{"line":537,"column":68}},"537":{"start":{"line":538,"column":0},"end":{"line":538,"column":48}},"538":{"start":{"line":539,"column":0},"end":{"line":539,"column":47}},"539":{"start":{"line":540,"column":0},"end":{"line":540,"column":51}},"540":{"start":{"line":541,"column":0},"end":{"line":541,"column":177}},"541":{"start":{"line":542,"column":0},"end":{"line":542,"column":38}},"542":{"start":{"line":543,"column":0},"end":{"line":543,"column":38}},"544":{"start":{"line":545,"column":0},"end":{"line":545,"column":37}},"545":{"start":{"line":546,"column":0},"end":{"line":546,"column":116}},"546":{"start":{"line":547,"column":0},"end":{"line":547,"column":42}},"547":{"start":{"line":548,"column":0},"end":{"line":548,"column":53}},"548":{"start":{"line":549,"column":0},"end":{"line":549,"column":52}},"549":{"start":{"line":550,"column":0},"end":{"line":550,"column":62}},"550":{"start":{"line":551,"column":0},"end":{"line":551,"column":68}},"551":{"start":{"line":552,"column":0},"end":{"line":552,"column":48}},"552":{"start":{"line":553,"column":0},"end":{"line":553,"column":47}},"553":{"start":{"line":554,"column":0},"end":{"line":554,"column":177}},"554":{"start":{"line":555,"column":0},"end":{"line":555,"column":38}},"555":{"start":{"line":556,"column":0},"end":{"line":556,"column":38}},"556":{"start":{"line":557,"column":0},"end":{"line":557,"column":34}},"558":{"start":{"line":559,"column":0},"end":{"line":559,"column":33}},"559":{"start":{"line":560,"column":0},"end":{"line":560,"column":121}},"560":{"start":{"line":561,"column":0},"end":{"line":561,"column":38}},"561":{"start":{"line":562,"column":0},"end":{"line":562,"column":46}},"562":{"start":{"line":563,"column":0},"end":{"line":563,"column":48}},"563":{"start":{"line":564,"column":0},"end":{"line":564,"column":58}},"564":{"start":{"line":565,"column":0},"end":{"line":565,"column":64}},"565":{"start":{"line":566,"column":0},"end":{"line":566,"column":173}},"566":{"start":{"line":567,"column":0},"end":{"line":567,"column":34}},"567":{"start":{"line":568,"column":0},"end":{"line":568,"column":34}},"569":{"start":{"line":570,"column":0},"end":{"line":570,"column":33}},"570":{"start":{"line":571,"column":0},"end":{"line":571,"column":116}},"571":{"start":{"line":572,"column":0},"end":{"line":572,"column":41}},"572":{"start":{"line":573,"column":0},"end":{"line":573,"column":54}},"573":{"start":{"line":574,"column":0},"end":{"line":574,"column":64}},"574":{"start":{"line":575,"column":0},"end":{"line":575,"column":64}},"575":{"start":{"line":576,"column":0},"end":{"line":576,"column":44}},"576":{"start":{"line":577,"column":0},"end":{"line":577,"column":173}},"577":{"start":{"line":578,"column":0},"end":{"line":578,"column":34}},"578":{"start":{"line":579,"column":0},"end":{"line":579,"column":34}},"580":{"start":{"line":581,"column":0},"end":{"line":581,"column":63}},"581":{"start":{"line":582,"column":0},"end":{"line":582,"column":39}},"582":{"start":{"line":583,"column":0},"end":{"line":583,"column":49}},"583":{"start":{"line":584,"column":0},"end":{"line":584,"column":149}},"584":{"start":{"line":585,"column":0},"end":{"line":585,"column":33}},"586":{"start":{"line":587,"column":0},"end":{"line":587,"column":41}},"587":{"start":{"line":588,"column":0},"end":{"line":588,"column":39}},"588":{"start":{"line":589,"column":0},"end":{"line":589,"column":49}},"589":{"start":{"line":590,"column":0},"end":{"line":590,"column":52}},"590":{"start":{"line":591,"column":0},"end":{"line":591,"column":64}},"591":{"start":{"line":592,"column":0},"end":{"line":592,"column":65}},"592":{"start":{"line":593,"column":0},"end":{"line":593,"column":52}},"593":{"start":{"line":594,"column":0},"end":{"line":594,"column":38}},"594":{"start":{"line":595,"column":0},"end":{"line":595,"column":153}},"595":{"start":{"line":596,"column":0},"end":{"line":596,"column":33}},"597":{"start":{"line":598,"column":0},"end":{"line":598,"column":41}},"598":{"start":{"line":599,"column":0},"end":{"line":599,"column":34}},"599":{"start":{"line":600,"column":0},"end":{"line":600,"column":31}},"600":{"start":{"line":601,"column":0},"end":{"line":601,"column":26}},"601":{"start":{"line":602,"column":0},"end":{"line":602,"column":22}},"605":{"start":{"line":606,"column":0},"end":{"line":606,"column":52}},"606":{"start":{"line":607,"column":0},"end":{"line":607,"column":113}},"607":{"start":{"line":608,"column":0},"end":{"line":608,"column":86}},"608":{"start":{"line":609,"column":0},"end":{"line":609,"column":46}},"609":{"start":{"line":610,"column":0},"end":{"line":610,"column":126}},"610":{"start":{"line":611,"column":0},"end":{"line":611,"column":124}},"611":{"start":{"line":612,"column":0},"end":{"line":612,"column":242}},"612":{"start":{"line":613,"column":0},"end":{"line":613,"column":38}},"613":{"start":{"line":614,"column":0},"end":{"line":614,"column":34}},"614":{"start":{"line":615,"column":0},"end":{"line":615,"column":118}},"615":{"start":{"line":616,"column":0},"end":{"line":616,"column":76}},"616":{"start":{"line":617,"column":0},"end":{"line":617,"column":143}},"617":{"start":{"line":618,"column":0},"end":{"line":618,"column":32}},"619":{"start":{"line":620,"column":0},"end":{"line":620,"column":57}},"620":{"start":{"line":621,"column":0},"end":{"line":621,"column":39}},"621":{"start":{"line":622,"column":0},"end":{"line":622,"column":65}},"622":{"start":{"line":623,"column":0},"end":{"line":623,"column":147}},"623":{"start":{"line":624,"column":0},"end":{"line":624,"column":33}},"625":{"start":{"line":626,"column":0},"end":{"line":626,"column":41}},"626":{"start":{"line":627,"column":0},"end":{"line":627,"column":39}},"627":{"start":{"line":628,"column":0},"end":{"line":628,"column":52}},"628":{"start":{"line":629,"column":0},"end":{"line":629,"column":66}},"629":{"start":{"line":630,"column":0},"end":{"line":630,"column":65}},"630":{"start":{"line":631,"column":0},"end":{"line":631,"column":38}},"631":{"start":{"line":632,"column":0},"end":{"line":632,"column":153}},"632":{"start":{"line":633,"column":0},"end":{"line":633,"column":33}},"634":{"start":{"line":635,"column":0},"end":{"line":635,"column":41}},"635":{"start":{"line":636,"column":0},"end":{"line":636,"column":34}},"636":{"start":{"line":637,"column":0},"end":{"line":637,"column":30}},"637":{"start":{"line":638,"column":0},"end":{"line":638,"column":26}},"638":{"start":{"line":639,"column":0},"end":{"line":639,"column":22}},"640":{"start":{"line":641,"column":0},"end":{"line":641,"column":14}},"642":{"start":{"line":643,"column":0},"end":{"line":643,"column":2}},"644":{"start":{"line":645,"column":0},"end":{"line":645,"column":34}}},"s":{"0":0,"1":0,"2":0,"4":0,"6":0,"7":0,"8":0,"9":0,"12":0,"13":0,"14":0,"17":0,"18":0,"21":0,"22":0,"23":0,"24":0,"25":0,"26":0,"27":0,"28":0,"31":0,"32":0,"33":0,"35":0,"36":0,"37":0,"38":0,"40":0,"41":0,"42":0,"43":0,"44":0,"46":0,"47":0,"48":0,"49":0,"50":0,"51":0,"52":0,"53":0,"54":0,"55":0,"58":0,"59":0,"60":0,"61":0,"63":0,"64":0,"65":0,"66":0,"67":0,"68":0,"69":0,"70":0,"71":0,"72":0,"75":0,"76":0,"77":0,"78":0,"79":0,"80":0,"81":0,"82":0,"83":0,"84":0,"85":0,"87":0,"88":0,"89":0,"90":0,"91":0,"92":0,"93":0,"94":0,"95":0,"96":0,"97":0,"98":0,"100":0,"101":0,"102":0,"103":0,"104":0,"105":0,"106":0,"107":0,"108":0,"109":0,"110":0,"111":0,"113":0,"114":0,"115":0,"116":0,"118":0,"119":0,"120":0,"121":0,"122":0,"123":0,"124":0,"125":0,"126":0,"127":0,"130":0,"131":0,"132":0,"133":0,"134":0,"135":0,"136":0,"137":0,"138":0,"139":0,"141":0,"142":0,"143":0,"144":0,"146":0,"147":0,"148":0,"149":0,"150":0,"151":0,"152":0,"153":0,"154":0,"155":0,"156":0,"158":0,"159":0,"161":0,"162":0,"163":0,"164":0,"165":0,"166":0,"168":0,"169":0,"170":0,"171":0,"173":0,"174":0,"175":0,"177":0,"179":0,"180":0,"181":0,"183":0,"184":0,"185":0,"186":0,"187":0,"188":0,"189":0,"192":0,"193":0,"194":0,"195":0,"196":0,"197":0,"198":0,"199":0,"200":0,"201":0,"202":0,"203":0,"204":0,"205":0,"206":0,"207":0,"209":0,"210":0,"211":0,"212":0,"213":0,"214":0,"215":0,"216":0,"217":0,"218":0,"219":0,"220":0,"221":0,"222":0,"223":0,"225":0,"226":0,"227":0,"228":0,"229":0,"230":0,"231":0,"232":0,"233":0,"234":0,"235":0,"236":0,"237":0,"238":0,"241":0,"242":0,"243":0,"246":0,"247":0,"248":0,"250":0,"251":0,"252":0,"253":0,"254":0,"255":0,"256":0,"257":0,"258":0,"260":0,"261":0,"262":0,"263":0,"264":0,"265":0,"266":0,"267":0,"268":0,"269":0,"270":0,"271":0,"272":0,"273":0,"274":0,"275":0,"276":0,"277":0,"278":0,"279":0,"280":0,"281":0,"282":0,"283":0,"284":0,"285":0,"286":0,"287":0,"288":0,"289":0,"290":0,"291":0,"292":0,"293":0,"294":0,"295":0,"296":0,"297":0,"298":0,"299":0,"300":0,"301":0,"302":0,"303":0,"304":0,"305":0,"306":0,"307":0,"308":0,"310":0,"311":0,"312":0,"313":0,"314":0,"315":0,"316":0,"317":0,"319":0,"320":0,"321":0,"322":0,"323":0,"324":0,"325":0,"326":0,"327":0,"328":0,"329":0,"331":0,"334":0,"335":0,"336":0,"337":0,"338":0,"339":0,"340":0,"341":0,"342":0,"343":0,"344":0,"346":0,"347":0,"348":0,"349":0,"350":0,"352":0,"353":0,"354":0,"355":0,"356":0,"357":0,"358":0,"359":0,"360":0,"361":0,"362":0,"363":0,"364":0,"366":0,"367":0,"368":0,"369":0,"370":0,"371":0,"372":0,"373":0,"375":0,"376":0,"377":0,"378":0,"379":0,"380":0,"381":0,"382":0,"383":0,"385":0,"387":0,"388":0,"389":0,"390":0,"392":0,"393":0,"394":0,"395":0,"396":0,"397":0,"398":0,"399":0,"400":0,"401":0,"402":0,"403":0,"404":0,"405":0,"406":0,"408":0,"409":0,"410":0,"411":0,"412":0,"413":0,"414":0,"415":0,"416":0,"417":0,"418":0,"419":0,"420":0,"421":0,"423":0,"424":0,"425":0,"426":0,"427":0,"428":0,"429":0,"430":0,"431":0,"432":0,"433":0,"435":0,"436":0,"437":0,"438":0,"439":0,"440":0,"441":0,"442":0,"443":0,"444":0,"445":0,"447":0,"448":0,"449":0,"450":0,"451":0,"453":0,"454":0,"455":0,"456":0,"457":0,"458":0,"459":0,"460":0,"461":0,"463":0,"464":0,"465":0,"466":0,"467":0,"471":0,"472":0,"473":0,"474":0,"475":0,"476":0,"477":0,"478":0,"479":0,"480":0,"481":0,"482":0,"484":0,"485":0,"486":0,"487":0,"488":0,"490":0,"491":0,"492":0,"493":0,"494":0,"495":0,"496":0,"497":0,"498":0,"499":0,"500":0,"501":0,"503":0,"504":0,"505":0,"506":0,"507":0,"508":0,"509":0,"510":0,"512":0,"513":0,"514":0,"515":0,"516":0,"517":0,"518":0,"519":0,"520":0,"522":0,"524":0,"525":0,"526":0,"527":0,"529":0,"530":0,"531":0,"532":0,"533":0,"534":0,"535":0,"536":0,"537":0,"538":0,"539":0,"540":0,"541":0,"542":0,"544":0,"545":0,"546":0,"547":0,"548":0,"549":0,"550":0,"551":0,"552":0,"553":0,"554":0,"555":0,"556":0,"558":0,"559":0,"560":0,"561":0,"562":0,"563":0,"564":0,"565":0,"566":0,"567":0,"569":0,"570":0,"571":0,"572":0,"573":0,"574":0,"575":0,"576":0,"577":0,"578":0,"580":0,"581":0,"582":0,"583":0,"584":0,"586":0,"587":0,"588":0,"589":0,"590":0,"591":0,"592":0,"593":0,"594":0,"595":0,"597":0,"598":0,"599":0,"600":0,"601":0,"605":0,"606":0,"607":0,"608":0,"609":0,"610":0,"611":0,"612":0,"613":0,"614":0,"615":0,"616":0,"617":0,"619":0,"620":0,"621":0,"622":0,"623":0,"625":0,"626":0,"627":0,"628":0,"629":0,"630":0,"631":0,"632":0,"634":0,"635":0,"636":0,"637":0,"638":0,"640":0,"642":0,"644":0},"branchMap":{"0":{"type":"branch","line":1,"loc":{"start":{"line":1,"column":36196},"end":{"line":645,"column":34}},"locations":[{"start":{"line":1,"column":36196},"end":{"line":645,"column":34}}]}},"b":{"0":[0]},"fnMap":{"0":{"name":"(empty-report)","decl":{"start":{"line":1,"column":36196},"end":{"line":645,"column":34}},"loc":{"start":{"line":1,"column":36196},"end":{"line":645,"column":34}},"line":1}},"f":{"0":0}}
,"C:\\Users\\alfon\\Desktop\\PROGRAMACION\\PROYECTOS_WEB\\REACT-ZONA_GAMER\\app-Zona-Gamer-V0.1\\src\\components\\Dashboard\\Settings.jsx": {"path":"C:\\Users\\alfon\\Desktop\\PROGRAMACION\\PROYECTOS_WEB\\REACT-ZONA_GAMER\\app-Zona-Gamer-V0.1\\src\\components\\Dashboard\\Settings.jsx","all":true,"statementMap":{"0":{"start":{"line":1,"column":0},"end":{"line":1,"column":24}},"1":{"start":{"line":2,"column":0},"end":{"line":2,"column":12}},"2":{"start":{"line":3,"column":0},"end":{"line":3,"column":35}},"4":{"start":{"line":5,"column":0},"end":{"line":5,"column":17}},"5":{"start":{"line":6,"column":0},"end":{"line":6,"column":83}},"6":{"start":{"line":7,"column":0},"end":{"line":7,"column":89}},"7":{"start":{"line":8,"column":0},"end":{"line":8,"column":18}},"10":{"start":{"line":11,"column":0},"end":{"line":11,"column":67}},"12":{"start":{"line":13,"column":0},"end":{"line":13,"column":90}},"13":{"start":{"line":14,"column":0},"end":{"line":14,"column":89}},"14":{"start":{"line":15,"column":0},"end":{"line":15,"column":47}},"15":{"start":{"line":16,"column":0},"end":{"line":16,"column":29}},"16":{"start":{"line":17,"column":0},"end":{"line":17,"column":92}},"18":{"start":{"line":19,"column":0},"end":{"line":19,"column":36}},"19":{"start":{"line":20,"column":0},"end":{"line":20,"column":34}},"20":{"start":{"line":21,"column":0},"end":{"line":21,"column":43}},"21":{"start":{"line":22,"column":0},"end":{"line":22,"column":56}},"22":{"start":{"line":23,"column":0},"end":{"line":23,"column":152}},"23":{"start":{"line":24,"column":0},"end":{"line":24,"column":30}},"24":{"start":{"line":25,"column":0},"end":{"line":25,"column":30}},"25":{"start":{"line":26,"column":0},"end":{"line":26,"column":29}},"26":{"start":{"line":27,"column":0},"end":{"line":27,"column":92}},"28":{"start":{"line":29,"column":0},"end":{"line":29,"column":36}},"29":{"start":{"line":30,"column":0},"end":{"line":30,"column":34}},"30":{"start":{"line":31,"column":0},"end":{"line":31,"column":44}},"31":{"start":{"line":32,"column":0},"end":{"line":32,"column":69}},"32":{"start":{"line":33,"column":0},"end":{"line":33,"column":152}},"33":{"start":{"line":34,"column":0},"end":{"line":34,"column":30}},"34":{"start":{"line":35,"column":0},"end":{"line":35,"column":30}},"35":{"start":{"line":36,"column":0},"end":{"line":36,"column":26}},"36":{"start":{"line":37,"column":0},"end":{"line":37,"column":22}},"39":{"start":{"line":40,"column":0},"end":{"line":40,"column":90}},"40":{"start":{"line":41,"column":0},"end":{"line":41,"column":96}},"41":{"start":{"line":42,"column":0},"end":{"line":42,"column":47}},"42":{"start":{"line":43,"column":0},"end":{"line":43,"column":77}},"43":{"start":{"line":44,"column":0},"end":{"line":44,"column":89}},"44":{"start":{"line":45,"column":0},"end":{"line":45,"column":143}},"45":{"start":{"line":46,"column":0},"end":{"line":46,"column":32}},"46":{"start":{"line":47,"column":0},"end":{"line":47,"column":77}},"47":{"start":{"line":48,"column":0},"end":{"line":48,"column":85}},"48":{"start":{"line":49,"column":0},"end":{"line":49,"column":143}},"49":{"start":{"line":50,"column":0},"end":{"line":50,"column":32}},"50":{"start":{"line":51,"column":0},"end":{"line":51,"column":77}},"51":{"start":{"line":52,"column":0},"end":{"line":52,"column":90}},"52":{"start":{"line":53,"column":0},"end":{"line":53,"column":128}},"53":{"start":{"line":54,"column":0},"end":{"line":54,"column":32}},"54":{"start":{"line":55,"column":0},"end":{"line":55,"column":26}},"55":{"start":{"line":56,"column":0},"end":{"line":56,"column":22}},"58":{"start":{"line":59,"column":0},"end":{"line":59,"column":90}},"59":{"start":{"line":60,"column":0},"end":{"line":60,"column":91}},"60":{"start":{"line":61,"column":0},"end":{"line":61,"column":47}},"61":{"start":{"line":62,"column":0},"end":{"line":62,"column":162}},"63":{"start":{"line":64,"column":0},"end":{"line":64,"column":33}},"64":{"start":{"line":65,"column":0},"end":{"line":65,"column":162}},"66":{"start":{"line":67,"column":0},"end":{"line":67,"column":33}},"67":{"start":{"line":68,"column":0},"end":{"line":68,"column":162}},"69":{"start":{"line":70,"column":0},"end":{"line":70,"column":33}},"70":{"start":{"line":71,"column":0},"end":{"line":71,"column":26}},"71":{"start":{"line":72,"column":0},"end":{"line":72,"column":22}},"74":{"start":{"line":75,"column":0},"end":{"line":75,"column":90}},"75":{"start":{"line":76,"column":0},"end":{"line":76,"column":92}},"76":{"start":{"line":77,"column":0},"end":{"line":77,"column":47}},"77":{"start":{"line":78,"column":0},"end":{"line":78,"column":29}},"78":{"start":{"line":79,"column":0},"end":{"line":79,"column":92}},"80":{"start":{"line":81,"column":0},"end":{"line":81,"column":36}},"81":{"start":{"line":82,"column":0},"end":{"line":82,"column":157}},"82":{"start":{"line":83,"column":0},"end":{"line":83,"column":54}},"83":{"start":{"line":84,"column":0},"end":{"line":84,"column":55}},"84":{"start":{"line":85,"column":0},"end":{"line":85,"column":59}},"85":{"start":{"line":86,"column":0},"end":{"line":86,"column":37}},"86":{"start":{"line":87,"column":0},"end":{"line":87,"column":30}},"87":{"start":{"line":88,"column":0},"end":{"line":88,"column":29}},"88":{"start":{"line":89,"column":0},"end":{"line":89,"column":92}},"90":{"start":{"line":91,"column":0},"end":{"line":91,"column":36}},"91":{"start":{"line":92,"column":0},"end":{"line":92,"column":34}},"92":{"start":{"line":93,"column":0},"end":{"line":93,"column":44}},"93":{"start":{"line":94,"column":0},"end":{"line":94,"column":54}},"94":{"start":{"line":95,"column":0},"end":{"line":95,"column":81}},"95":{"start":{"line":96,"column":0},"end":{"line":96,"column":30}},"96":{"start":{"line":97,"column":0},"end":{"line":97,"column":30}},"97":{"start":{"line":98,"column":0},"end":{"line":98,"column":26}},"98":{"start":{"line":99,"column":0},"end":{"line":99,"column":22}},"99":{"start":{"line":100,"column":0},"end":{"line":100,"column":18}},"102":{"start":{"line":103,"column":0},"end":{"line":103,"column":46}},"103":{"start":{"line":104,"column":0},"end":{"line":104,"column":126}},"105":{"start":{"line":106,"column":0},"end":{"line":106,"column":25}},"106":{"start":{"line":107,"column":0},"end":{"line":107,"column":18}},"107":{"start":{"line":108,"column":0},"end":{"line":108,"column":14}},"109":{"start":{"line":110,"column":0},"end":{"line":110,"column":2}},"111":{"start":{"line":112,"column":0},"end":{"line":112,"column":24}}},"s":{"0":0,"1":0,"2":0,"4":0,"5":0,"6":0,"7":0,"10":0,"12":0,"13":0,"14":0,"15":0,"16":0,"18":0,"19":0,"20":0,"21":0,"22":0,"23":0,"24":0,"25":0,"26":0,"28":0,"29":0,"30":0,"31":0,"32":0,"33":0,"34":0,"35":0,"36":0,"39":0,"40":0,"41":0,"42":0,"43":0,"44":0,"45":0,"46":0,"47":0,"48":0,"49":0,"50":0,"51":0,"52":0,"53":0,"54":0,"55":0,"58":0,"59":0,"60":0,"61":0,"63":0,"64":0,"66":0,"67":0,"69":0,"70":0,"71":0,"74":0,"75":0,"76":0,"77":0,"78":0,"80":0,"81":0,"82":0,"83":0,"84":0,"85":0,"86":0,"87":0,"88":0,"90":0,"91":0,"92":0,"93":0,"94":0,"95":0,"96":0,"97":0,"98":0,"99":0,"102":0,"103":0,"105":0,"106":0,"107":0,"109":0,"111":0},"branchMap":{"0":{"type":"branch","line":1,"loc":{"start":{"line":1,"column":6140},"end":{"line":112,"column":24}},"locations":[{"start":{"line":1,"column":6140},"end":{"line":112,"column":24}}]}},"b":{"0":[0]},"fnMap":{"0":{"name":"(empty-report)","decl":{"start":{"line":1,"column":6140},"end":{"line":112,"column":24}},"loc":{"start":{"line":1,"column":6140},"end":{"line":112,"column":24}},"line":1}},"f":{"0":0}}
,"C:\\Users\\alfon\\Desktop\\PROGRAMACION\\PROYECTOS_WEB\\REACT-ZONA_GAMER\\app-Zona-Gamer-V0.1\\src\\components\\Dashboard\\Sidebar.jsx": {"path":"C:\\Users\\alfon\\Desktop\\PROGRAMACION\\PROYECTOS_WEB\\REACT-ZONA_GAMER\\app-Zona-Gamer-V0.1\\src\\components\\Dashboard\\Sidebar.jsx","all":true,"statementMap":{"0":{"start":{"line":1,"column":0},"end":{"line":1,"column":58}},"1":{"start":{"line":2,"column":0},"end":{"line":2,"column":23}},"2":{"start":{"line":3,"column":0},"end":{"line":3,"column":9}},"3":{"start":{"line":4,"column":0},"end":{"line":4,"column":27}},"4":{"start":{"line":5,"column":0},"end":{"line":5,"column":30}},"5":{"start":{"line":6,"column":0},"end":{"line":6,"column":19}},"6":{"start":{"line":7,"column":0},"end":{"line":7,"column":95}},"7":{"start":{"line":8,"column":0},"end":{"line":8,"column":157}},"8":{"start":{"line":9,"column":0},"end":{"line":9,"column":22}},"10":{"start":{"line":11,"column":0},"end":{"line":11,"column":9}},"11":{"start":{"line":12,"column":0},"end":{"line":12,"column":6}},"13":{"start":{"line":14,"column":0},"end":{"line":14,"column":12}},"14":{"start":{"line":15,"column":0},"end":{"line":15,"column":107}},"16":{"start":{"line":17,"column":0},"end":{"line":17,"column":54}},"17":{"start":{"line":18,"column":0},"end":{"line":18,"column":94}},"18":{"start":{"line":19,"column":0},"end":{"line":19,"column":88}},"19":{"start":{"line":20,"column":0},"end":{"line":20,"column":18}},"22":{"start":{"line":23,"column":0},"end":{"line":23,"column":39}},"23":{"start":{"line":24,"column":0},"end":{"line":24,"column":42}},"24":{"start":{"line":25,"column":0},"end":{"line":25,"column":27}},"25":{"start":{"line":26,"column":0},"end":{"line":26,"column":37}},"26":{"start":{"line":27,"column":0},"end":{"line":27,"column":65}},"27":{"start":{"line":28,"column":0},"end":{"line":28,"column":132}},"28":{"start":{"line":29,"column":0},"end":{"line":29,"column":68}},"29":{"start":{"line":30,"column":0},"end":{"line":30,"column":62}},"30":{"start":{"line":31,"column":0},"end":{"line":31,"column":31}},"32":{"start":{"line":33,"column":0},"end":{"line":33,"column":35}},"33":{"start":{"line":34,"column":0},"end":{"line":34,"column":48}},"34":{"start":{"line":35,"column":0},"end":{"line":35,"column":29}},"35":{"start":{"line":36,"column":0},"end":{"line":36,"column":19}},"36":{"start":{"line":37,"column":0},"end":{"line":37,"column":18}},"39":{"start":{"line":40,"column":0},"end":{"line":40,"column":92}},"40":{"start":{"line":41,"column":0},"end":{"line":41,"column":47}},"41":{"start":{"line":42,"column":0},"end":{"line":42,"column":119}},"42":{"start":{"line":43,"column":0},"end":{"line":43,"column":89}},"43":{"start":{"line":44,"column":0},"end":{"line":44,"column":150}},"44":{"start":{"line":45,"column":0},"end":{"line":45,"column":30}},"45":{"start":{"line":46,"column":0},"end":{"line":46,"column":26}},"47":{"start":{"line":48,"column":0},"end":{"line":48,"column":52}},"48":{"start":{"line":49,"column":0},"end":{"line":49,"column":96}},"49":{"start":{"line":50,"column":0},"end":{"line":50,"column":92}},"50":{"start":{"line":51,"column":0},"end":{"line":51,"column":101}},"51":{"start":{"line":52,"column":0},"end":{"line":52,"column":26}},"52":{"start":{"line":53,"column":0},"end":{"line":53,"column":22}},"53":{"start":{"line":54,"column":0},"end":{"line":54,"column":18}},"54":{"start":{"line":55,"column":0},"end":{"line":55,"column":16}},"56":{"start":{"line":57,"column":0},"end":{"line":57,"column":2}},"58":{"start":{"line":59,"column":0},"end":{"line":59,"column":23}}},"s":{"0":0,"1":0,"2":0,"3":0,"4":0,"5":0,"6":0,"7":0,"8":0,"10":0,"11":0,"13":0,"14":0,"16":0,"17":0,"18":0,"19":0,"22":0,"23":0,"24":0,"25":0,"26":0,"27":0,"28":0,"29":0,"30":0,"32":0,"33":0,"34":0,"35":0,"36":0,"39":0,"40":0,"41":0,"42":0,"43":0,"44":0,"45":0,"47":0,"48":0,"49":0,"50":0,"51":0,"52":0,"53":0,"54":0,"56":0,"58":0},"branchMap":{"0":{"type":"branch","line":1,"loc":{"start":{"line":1,"column":2723},"end":{"line":59,"column":23}},"locations":[{"start":{"line":1,"column":2723},"end":{"line":59,"column":23}}]}},"b":{"0":[0]},"fnMap":{"0":{"name":"(empty-report)","decl":{"start":{"line":1,"column":2723},"end":{"line":59,"column":23}},"loc":{"start":{"line":1,"column":2723},"end":{"line":59,"column":23}},"line":1}},"f":{"0":0}}
,"C:\\Users\\alfon\\Desktop\\PROGRAMACION\\PROYECTOS_WEB\\REACT-ZONA_GAMER\\app-Zona-Gamer-V0.1\\src\\components\\Dashboard\\UsersManagement.jsx": {"path":"C:\\Users\\alfon\\Desktop\\PROGRAMACION\\PROYECTOS_WEB\\REACT-ZONA_GAMER\\app-Zona-Gamer-V0.1\\src\\components\\Dashboard\\UsersManagement.jsx","all":true,"statementMap":{"0":{"start":{"line":1,"column":0},"end":{"line":1,"column":33}},"2":{"start":{"line":3,"column":0},"end":{"line":3,"column":31}},"3":{"start":{"line":4,"column":0},"end":{"line":4,"column":30}},"4":{"start":{"line":5,"column":0},"end":{"line":5,"column":98}},"5":{"start":{"line":6,"column":0},"end":{"line":6,"column":100}},"6":{"start":{"line":7,"column":0},"end":{"line":7,"column":103}},"7":{"start":{"line":8,"column":0},"end":{"line":8,"column":7}},"9":{"start":{"line":10,"column":0},"end":{"line":10,"column":12}},"10":{"start":{"line":11,"column":0},"end":{"line":11,"column":35}},"12":{"start":{"line":13,"column":0},"end":{"line":13,"column":63}},"13":{"start":{"line":14,"column":0},"end":{"line":14,"column":21}},"14":{"start":{"line":15,"column":0},"end":{"line":15,"column":93}},"15":{"start":{"line":16,"column":0},"end":{"line":16,"column":97}},"16":{"start":{"line":17,"column":0},"end":{"line":17,"column":22}},"17":{"start":{"line":18,"column":0},"end":{"line":18,"column":150}},"18":{"start":{"line":19,"column":0},"end":{"line":19,"column":99}},"19":{"start":{"line":20,"column":0},"end":{"line":20,"column":112}},"20":{"start":{"line":21,"column":0},"end":{"line":21,"column":26}},"22":{"start":{"line":23,"column":0},"end":{"line":23,"column":25}},"23":{"start":{"line":24,"column":0},"end":{"line":24,"column":18}},"26":{"start":{"line":27,"column":0},"end":{"line":27,"column":67}},"27":{"start":{"line":28,"column":0},"end":{"line":28,"column":90}},"28":{"start":{"line":29,"column":0},"end":{"line":29,"column":61}},"29":{"start":{"line":30,"column":0},"end":{"line":30,"column":67}},"30":{"start":{"line":31,"column":0},"end":{"line":31,"column":121}},"31":{"start":{"line":32,"column":0},"end":{"line":32,"column":215}},"32":{"start":{"line":33,"column":0},"end":{"line":33,"column":34}},"33":{"start":{"line":34,"column":0},"end":{"line":34,"column":30}},"34":{"start":{"line":35,"column":0},"end":{"line":35,"column":29}},"35":{"start":{"line":36,"column":0},"end":{"line":36,"column":83}},"36":{"start":{"line":37,"column":0},"end":{"line":37,"column":94}},"37":{"start":{"line":38,"column":0},"end":{"line":38,"column":30}},"38":{"start":{"line":39,"column":0},"end":{"line":39,"column":26}},"39":{"start":{"line":40,"column":0},"end":{"line":40,"column":22}},"41":{"start":{"line":42,"column":0},"end":{"line":42,"column":90}},"42":{"start":{"line":43,"column":0},"end":{"line":43,"column":61}},"43":{"start":{"line":44,"column":0},"end":{"line":44,"column":68}},"44":{"start":{"line":45,"column":0},"end":{"line":45,"column":122}},"45":{"start":{"line":46,"column":0},"end":{"line":46,"column":296}},"46":{"start":{"line":47,"column":0},"end":{"line":47,"column":34}},"47":{"start":{"line":48,"column":0},"end":{"line":48,"column":30}},"48":{"start":{"line":49,"column":0},"end":{"line":49,"column":29}},"49":{"start":{"line":50,"column":0},"end":{"line":50,"column":84}},"50":{"start":{"line":51,"column":0},"end":{"line":51,"column":126}},"51":{"start":{"line":52,"column":0},"end":{"line":52,"column":30}},"52":{"start":{"line":53,"column":0},"end":{"line":53,"column":26}},"53":{"start":{"line":54,"column":0},"end":{"line":54,"column":22}},"54":{"start":{"line":55,"column":0},"end":{"line":55,"column":18}},"57":{"start":{"line":58,"column":0},"end":{"line":58,"column":98}},"58":{"start":{"line":59,"column":0},"end":{"line":59,"column":49}},"59":{"start":{"line":60,"column":0},"end":{"line":60,"column":46}},"60":{"start":{"line":61,"column":0},"end":{"line":61,"column":79}},"61":{"start":{"line":62,"column":0},"end":{"line":62,"column":32}},"62":{"start":{"line":63,"column":0},"end":{"line":63,"column":141}},"63":{"start":{"line":64,"column":0},"end":{"line":64,"column":139}},"64":{"start":{"line":65,"column":0},"end":{"line":65,"column":137}},"65":{"start":{"line":66,"column":0},"end":{"line":66,"column":140}},"66":{"start":{"line":67,"column":0},"end":{"line":67,"column":142}},"67":{"start":{"line":68,"column":0},"end":{"line":68,"column":33}},"68":{"start":{"line":69,"column":0},"end":{"line":69,"column":32}},"69":{"start":{"line":70,"column":0},"end":{"line":70,"column":68}},"70":{"start":{"line":71,"column":0},"end":{"line":71,"column":50}},"71":{"start":{"line":72,"column":0},"end":{"line":72,"column":97}},"72":{"start":{"line":73,"column":0},"end":{"line":73,"column":80}},"73":{"start":{"line":74,"column":0},"end":{"line":74,"column":81}},"74":{"start":{"line":75,"column":0},"end":{"line":75,"column":187}},"75":{"start":{"line":76,"column":0},"end":{"line":76,"column":69}},"76":{"start":{"line":77,"column":0},"end":{"line":77,"column":50}},"77":{"start":{"line":78,"column":0},"end":{"line":78,"column":104}},"78":{"start":{"line":79,"column":0},"end":{"line":79,"column":46}},"79":{"start":{"line":80,"column":0},"end":{"line":80,"column":41}},"80":{"start":{"line":81,"column":0},"end":{"line":81,"column":94}},"81":{"start":{"line":82,"column":0},"end":{"line":82,"column":52}},"82":{"start":{"line":83,"column":0},"end":{"line":83,"column":41}},"83":{"start":{"line":84,"column":0},"end":{"line":84,"column":80}},"84":{"start":{"line":85,"column":0},"end":{"line":85,"column":188}},"85":{"start":{"line":86,"column":0},"end":{"line":86,"column":48}},"86":{"start":{"line":87,"column":0},"end":{"line":87,"column":97}},"87":{"start":{"line":88,"column":0},"end":{"line":88,"column":47}},"88":{"start":{"line":89,"column":0},"end":{"line":89,"column":41}},"89":{"start":{"line":90,"column":0},"end":{"line":90,"column":80}},"90":{"start":{"line":91,"column":0},"end":{"line":91,"column":187}},"91":{"start":{"line":92,"column":0},"end":{"line":92,"column":48}},"92":{"start":{"line":93,"column":0},"end":{"line":93,"column":94}},"93":{"start":{"line":94,"column":0},"end":{"line":94,"column":47}},"94":{"start":{"line":95,"column":0},"end":{"line":95,"column":41}},"95":{"start":{"line":96,"column":0},"end":{"line":96,"column":80}},"96":{"start":{"line":97,"column":0},"end":{"line":97,"column":68}},"97":{"start":{"line":98,"column":0},"end":{"line":98,"column":128}},"98":{"start":{"line":99,"column":0},"end":{"line":99,"column":127}},"99":{"start":{"line":100,"column":0},"end":{"line":100,"column":222}},"100":{"start":{"line":101,"column":0},"end":{"line":101,"column":54}},"101":{"start":{"line":102,"column":0},"end":{"line":102,"column":53}},"102":{"start":{"line":103,"column":0},"end":{"line":103,"column":126}},"103":{"start":{"line":104,"column":0},"end":{"line":104,"column":127}},"104":{"start":{"line":105,"column":0},"end":{"line":105,"column":250}},"105":{"start":{"line":106,"column":0},"end":{"line":106,"column":54}},"106":{"start":{"line":107,"column":0},"end":{"line":107,"column":53}},"107":{"start":{"line":108,"column":0},"end":{"line":108,"column":46}},"108":{"start":{"line":109,"column":0},"end":{"line":109,"column":41}},"109":{"start":{"line":110,"column":0},"end":{"line":110,"column":37}},"110":{"start":{"line":111,"column":0},"end":{"line":111,"column":31}},"111":{"start":{"line":112,"column":0},"end":{"line":112,"column":32}},"112":{"start":{"line":113,"column":0},"end":{"line":113,"column":28}},"113":{"start":{"line":114,"column":0},"end":{"line":114,"column":22}},"114":{"start":{"line":115,"column":0},"end":{"line":115,"column":18}},"115":{"start":{"line":116,"column":0},"end":{"line":116,"column":14}},"117":{"start":{"line":118,"column":0},"end":{"line":118,"column":2}},"119":{"start":{"line":120,"column":0},"end":{"line":120,"column":31}}},"s":{"0":0,"2":0,"3":0,"4":0,"5":0,"6":0,"7":0,"9":0,"10":0,"12":0,"13":0,"14":0,"15":0,"16":0,"17":0,"18":0,"19":0,"20":0,"22":0,"23":0,"26":0,"27":0,"28":0,"29":0,"30":0,"31":0,"32":0,"33":0,"34":0,"35":0,"36":0,"37":0,"38":0,"39":0,"41":0,"42":0,"43":0,"44":0,"45":0,"46":0,"47":0,"48":0,"49":0,"50":0,"51":0,"52":0,"53":0,"54":0,"57":0,"58":0,"59":0,"60":0,"61":0,"62":0,"63":0,"64":0,"65":0,"66":0,"67":0,"68":0,"69":0,"70":0,"71":0,"72":0,"73":0,"74":0,"75":0,"76":0,"77":0,"78":0,"79":0,"80":0,"81":0,"82":0,"83":0,"84":0,"85":0,"86":0,"87":0,"88":0,"89":0,"90":0,"91":0,"92":0,"93":0,"94":0,"95":0,"96":0,"97":0,"98":0,"99":0,"100":0,"101":0,"102":0,"103":0,"104":0,"105":0,"106":0,"107":0,"108":0,"109":0,"110":0,"111":0,"112":0,"113":0,"114":0,"115":0,"117":0,"119":0},"branchMap":{"0":{"type":"branch","line":1,"loc":{"start":{"line":1,"column":8311},"end":{"line":120,"column":31}},"locations":[{"start":{"line":1,"column":8311},"end":{"line":120,"column":31}}]}},"b":{"0":[0]},"fnMap":{"0":{"name":"(empty-report)","decl":{"start":{"line":1,"column":8311},"end":{"line":120,"column":31}},"loc":{"start":{"line":1,"column":8311},"end":{"line":120,"column":31}},"line":1}},"f":{"0":0}}
,"C:\\Users\\alfon\\Desktop\\PROGRAMACION\\PROYECTOS_WEB\\REACT-ZONA_GAMER\\app-Zona-Gamer-V0.1\\src\\components\\Login\\Login.jsx": {"path":"C:\\Users\\alfon\\Desktop\\PROGRAMACION\\PROYECTOS_WEB\\REACT-ZONA_GAMER\\app-Zona-Gamer-V0.1\\src\\components\\Login\\Login.jsx","all":false,"statementMap":{"0":{"start":{"line":1,"column":0},"end":{"line":1,"column":41}},"1":{"start":{"line":2,"column":0},"end":{"line":2,"column":37}},"2":{"start":{"line":3,"column":0},"end":{"line":3,"column":46}},"3":{"start":{"line":4,"column":0},"end":{"line":4,"column":32}},"5":{"start":{"line":6,"column":0},"end":{"line":6,"column":21}},"6":{"start":{"line":7,"column":0},"end":{"line":7,"column":11}},"7":{"start":{"line":8,"column":0},"end":{"line":8,"column":17}},"8":{"start":{"line":9,"column":0},"end":{"line":9,"column":21}},"9":{"start":{"line":10,"column":0},"end":{"line":10,"column":30}},"10":{"start":{"line":11,"column":0},"end":{"line":11,"column":13}},"11":{"start":{"line":12,"column":0},"end":{"line":12,"column":37}},"13":{"start":{"line":14,"column":0},"end":{"line":14,"column":34}},"14":{"start":{"line":15,"column":0},"end":{"line":15,"column":52}},"16":{"start":{"line":17,"column":0},"end":{"line":17,"column":32}},"17":{"start":{"line":18,"column":0},"end":{"line":18,"column":97}},"19":{"start":{"line":20,"column":0},"end":{"line":20,"column":20}},"20":{"start":{"line":21,"column":0},"end":{"line":21,"column":49}},"21":{"start":{"line":22,"column":0},"end":{"line":22,"column":34}},"22":{"start":{"line":23,"column":0},"end":{"line":23,"column":18}},"23":{"start":{"line":24,"column":0},"end":{"line":24,"column":9}},"25":{"start":{"line":26,"column":0},"end":{"line":26,"column":47}},"26":{"start":{"line":27,"column":0},"end":{"line":27,"column":5}},"28":{"start":{"line":29,"column":0},"end":{"line":29,"column":12}},"29":{"start":{"line":30,"column":0},"end":{"line":30,"column":23}},"30":{"start":{"line":31,"column":0},"end":{"line":31,"column":155}},"31":{"start":{"line":32,"column":0},"end":{"line":32,"column":21}},"32":{"start":{"line":33,"column":0},"end":{"line":33,"column":53}},"33":{"start":{"line":34,"column":0},"end":{"line":34,"column":168}},"35":{"start":{"line":36,"column":0},"end":{"line":36,"column":54}},"36":{"start":{"line":37,"column":0},"end":{"line":37,"column":104}},"37":{"start":{"line":38,"column":0},"end":{"line":38,"column":39}},"38":{"start":{"line":39,"column":0},"end":{"line":39,"column":97}},"40":{"start":{"line":41,"column":0},"end":{"line":41,"column":109}},"41":{"start":{"line":42,"column":0},"end":{"line":42,"column":26}},"43":{"start":{"line":44,"column":0},"end":{"line":44,"column":52}},"44":{"start":{"line":45,"column":0},"end":{"line":45,"column":29}},"45":{"start":{"line":46,"column":0},"end":{"line":46,"column":100}},"47":{"start":{"line":48,"column":0},"end":{"line":48,"column":36}},"48":{"start":{"line":49,"column":0},"end":{"line":49,"column":34}},"49":{"start":{"line":50,"column":0},"end":{"line":50,"column":42}},"50":{"start":{"line":51,"column":0},"end":{"line":51,"column":61}},"51":{"start":{"line":52,"column":0},"end":{"line":52,"column":55}},"52":{"start":{"line":53,"column":0},"end":{"line":53,"column":83}},"53":{"start":{"line":54,"column":0},"end":{"line":54,"column":46}},"54":{"start":{"line":55,"column":0},"end":{"line":55,"column":98}},"55":{"start":{"line":56,"column":0},"end":{"line":56,"column":66}},"56":{"start":{"line":57,"column":0},"end":{"line":57,"column":38}},"57":{"start":{"line":58,"column":0},"end":{"line":58,"column":48}},"58":{"start":{"line":59,"column":0},"end":{"line":59,"column":49}},"59":{"start":{"line":60,"column":0},"end":{"line":60,"column":70}},"60":{"start":{"line":61,"column":0},"end":{"line":61,"column":38}},"61":{"start":{"line":62,"column":0},"end":{"line":62,"column":48}},"62":{"start":{"line":63,"column":0},"end":{"line":63,"column":50}},"63":{"start":{"line":64,"column":0},"end":{"line":64,"column":73}},"64":{"start":{"line":65,"column":0},"end":{"line":65,"column":37}},"65":{"start":{"line":66,"column":0},"end":{"line":66,"column":35}},"66":{"start":{"line":67,"column":0},"end":{"line":67,"column":64}},"67":{"start":{"line":68,"column":0},"end":{"line":68,"column":52}},"68":{"start":{"line":69,"column":0},"end":{"line":69,"column":173}},"69":{"start":{"line":70,"column":0},"end":{"line":70,"column":146}},"70":{"start":{"line":71,"column":0},"end":{"line":71,"column":30}},"71":{"start":{"line":72,"column":0},"end":{"line":72,"column":46}},"72":{"start":{"line":73,"column":0},"end":{"line":73,"column":97}},"73":{"start":{"line":74,"column":0},"end":{"line":74,"column":101}},"74":{"start":{"line":75,"column":0},"end":{"line":75,"column":204}},"75":{"start":{"line":76,"column":0},"end":{"line":76,"column":42}},"76":{"start":{"line":77,"column":0},"end":{"line":77,"column":58}},"77":{"start":{"line":78,"column":0},"end":{"line":78,"column":36}},"79":{"start":{"line":80,"column":0},"end":{"line":80,"column":30}},"81":{"start":{"line":82,"column":0},"end":{"line":82,"column":29}},"82":{"start":{"line":83,"column":0},"end":{"line":83,"column":103}},"84":{"start":{"line":85,"column":0},"end":{"line":85,"column":36}},"85":{"start":{"line":86,"column":0},"end":{"line":86,"column":34}},"86":{"start":{"line":87,"column":0},"end":{"line":87,"column":45}},"87":{"start":{"line":88,"column":0},"end":{"line":88,"column":47}},"88":{"start":{"line":89,"column":0},"end":{"line":89,"column":64}},"89":{"start":{"line":90,"column":0},"end":{"line":90,"column":58}},"90":{"start":{"line":91,"column":0},"end":{"line":91,"column":77}},"91":{"start":{"line":92,"column":0},"end":{"line":92,"column":48}},"92":{"start":{"line":93,"column":0},"end":{"line":93,"column":49}},"93":{"start":{"line":94,"column":0},"end":{"line":94,"column":70}},"94":{"start":{"line":95,"column":0},"end":{"line":95,"column":38}},"95":{"start":{"line":96,"column":0},"end":{"line":96,"column":48}},"96":{"start":{"line":97,"column":0},"end":{"line":97,"column":50}},"97":{"start":{"line":98,"column":0},"end":{"line":98,"column":71}},"98":{"start":{"line":99,"column":0},"end":{"line":99,"column":37}},"99":{"start":{"line":100,"column":0},"end":{"line":100,"column":35}},"100":{"start":{"line":101,"column":0},"end":{"line":101,"column":54}},"101":{"start":{"line":102,"column":0},"end":{"line":102,"column":63}},"102":{"start":{"line":103,"column":0},"end":{"line":103,"column":173}},"103":{"start":{"line":104,"column":0},"end":{"line":104,"column":149}},"104":{"start":{"line":105,"column":0},"end":{"line":105,"column":30}},"105":{"start":{"line":106,"column":0},"end":{"line":106,"column":49}},"106":{"start":{"line":107,"column":0},"end":{"line":107,"column":97}},"107":{"start":{"line":108,"column":0},"end":{"line":108,"column":101}},"108":{"start":{"line":109,"column":0},"end":{"line":109,"column":204}},"109":{"start":{"line":110,"column":0},"end":{"line":110,"column":42}},"110":{"start":{"line":111,"column":0},"end":{"line":111,"column":61}},"111":{"start":{"line":112,"column":0},"end":{"line":112,"column":36}},"113":{"start":{"line":114,"column":0},"end":{"line":114,"column":30}},"114":{"start":{"line":115,"column":0},"end":{"line":115,"column":26}},"116":{"start":{"line":117,"column":0},"end":{"line":117,"column":27}},"117":{"start":{"line":118,"column":0},"end":{"line":118,"column":321}},"118":{"start":{"line":119,"column":0},"end":{"line":119,"column":37}},"119":{"start":{"line":120,"column":0},"end":{"line":120,"column":21}},"121":{"start":{"line":122,"column":0},"end":{"line":122,"column":29}},"123":{"start":{"line":124,"column":0},"end":{"line":124,"column":97}},"124":{"start":{"line":125,"column":0},"end":{"line":125,"column":82}},"125":{"start":{"line":126,"column":0},"end":{"line":126,"column":131}},"127":{"start":{"line":128,"column":0},"end":{"line":128,"column":28}},"128":{"start":{"line":129,"column":0},"end":{"line":129,"column":26}},"129":{"start":{"line":130,"column":0},"end":{"line":130,"column":23}},"130":{"start":{"line":131,"column":0},"end":{"line":131,"column":18}},"131":{"start":{"line":132,"column":0},"end":{"line":132,"column":14}},"133":{"start":{"line":134,"column":0},"end":{"line":134,"column":1}},"135":{"start":{"line":136,"column":0},"end":{"line":136,"column":20}}},"s":{"0":1,"1":1,"2":1,"3":1,"5":1,"6":37,"7":37,"8":37,"9":37,"10":37,"11":37,"13":37,"14":37,"16":37,"17":3,"19":3,"20":2,"21":2,"22":2,"23":2,"25":1,"26":3,"28":37,"29":37,"30":37,"31":37,"32":37,"33":37,"35":37,"36":37,"37":37,"38":1,"40":37,"41":37,"43":37,"44":37,"45":37,"47":37,"48":37,"49":37,"50":37,"51":37,"52":37,"53":37,"54":37,"55":37,"56":37,"57":37,"58":37,"59":37,"60":37,"61":37,"62":37,"63":37,"64":37,"65":37,"66":37,"67":37,"68":37,"69":37,"70":37,"71":37,"72":5,"73":5,"74":5,"75":5,"76":5,"77":5,"79":37,"81":37,"82":37,"84":37,"85":37,"86":37,"87":37,"88":37,"89":37,"90":37,"91":37,"92":37,"93":37,"94":37,"95":37,"96":37,"97":37,"98":37,"99":37,"100":37,"101":37,"102":37,"103":37,"104":37,"105":37,"106":1,"107":1,"108":1,"109":1,"110":1,"111":1,"113":37,"114":37,"116":37,"117":37,"118":37,"119":37,"121":37,"123":37,"124":37,"125":37,"127":37,"128":37,"129":37,"130":37,"131":37,"133":37,"135":1},"branchMap":{"0":{"type":"branch","line":6,"loc":{"start":{"line":6,"column":14},"end":{"line":134,"column":1}},"locations":[{"start":{"line":6,"column":14},"end":{"line":134,"column":1}}]},"1":{"type":"branch","line":38,"loc":{"start":{"line":38,"column":25},"end":{"line":39,"column":97}},"locations":[{"start":{"line":38,"column":25},"end":{"line":39,"column":97}}]},"2":{"type":"branch","line":70,"loc":{"start":{"line":70,"column":37},"end":{"line":70,"column":84}},"locations":[{"start":{"line":70,"column":37},"end":{"line":70,"column":84}}]},"3":{"type":"branch","line":70,"loc":{"start":{"line":70,"column":45},"end":{"line":70,"column":143}},"locations":[{"start":{"line":70,"column":45},"end":{"line":70,"column":143}}]},"4":{"type":"branch","line":72,"loc":{"start":{"line":72,"column":36},"end":{"line":78,"column":36}},"locations":[{"start":{"line":72,"column":36},"end":{"line":78,"column":36}}]},"5":{"type":"branch","line":104,"loc":{"start":{"line":104,"column":37},"end":{"line":104,"column":87}},"locations":[{"start":{"line":104,"column":37},"end":{"line":104,"column":87}}]},"6":{"type":"branch","line":104,"loc":{"start":{"line":104,"column":48},"end":{"line":104,"column":146}},"locations":[{"start":{"line":104,"column":48},"end":{"line":104,"column":146}}]},"7":{"type":"branch","line":106,"loc":{"start":{"line":106,"column":36},"end":{"line":112,"column":36}},"locations":[{"start":{"line":106,"column":36},"end":{"line":112,"column":36}}]},"8":{"type":"branch","line":17,"loc":{"start":{"line":17,"column":21},"end":{"line":27,"column":5}},"locations":[{"start":{"line":17,"column":21},"end":{"line":27,"column":5}}]},"9":{"type":"branch","line":18,"loc":{"start":{"line":18,"column":39},"end":{"line":18,"column":97}},"locations":[{"start":{"line":18,"column":39},"end":{"line":18,"column":97}}]},"10":{"type":"branch","line":20,"loc":{"start":{"line":20,"column":19},"end":{"line":24,"column":9}},"locations":[{"start":{"line":20,"column":19},"end":{"line":24,"column":9}}]},"11":{"type":"branch","line":24,"loc":{"start":{"line":24,"column":8},"end":{"line":26,"column":47}},"locations":[{"start":{"line":24,"column":8},"end":{"line":26,"column":47}}]}},"b":{"0":[37],"1":[1],"2":[5],"3":[32],"4":[5],"5":[1],"6":[36],"7":[1],"8":[3],"9":[2],"10":[2],"11":[1]},"fnMap":{"0":{"name":"Login","decl":{"start":{"line":6,"column":14},"end":{"line":134,"column":1}},"loc":{"start":{"line":6,"column":14},"end":{"line":134,"column":1}},"line":6},"1":{"name":"onSubmit","decl":{"start":{"line":17,"column":21},"end":{"line":27,"column":5}},"loc":{"start":{"line":17,"column":21},"end":{"line":27,"column":5}},"line":17}},"f":{"0":37,"1":3}}
[...]
line":60,"column":16}},"62":{"start":{"line":63,"column":0},"end":{"line":63,"column":36}},"63":{"start":{"line":64,"column":0},"end":{"line":64,"column":12}},"64":{"start":{"line":65,"column":0},"end":{"line":65,"column":41}},"65":{"start":{"line":66,"column":0},"end":{"line":66,"column":13}},"67":{"start":{"line":68,"column":0},"end":{"line":68,"column":38}},"68":{"start":{"line":69,"column":0},"end":{"line":69,"column":47}},"69":{"start":{"line":70,"column":0},"end":{"line":70,"column":43}},"70":{"start":{"line":71,"column":0},"end":{"line":71,"column":31}},"71":{"start":{"line":72,"column":0},"end":{"line":72,"column":15}},"74":{"start":{"line":75,"column":0},"end":{"line":75,"column":16}},"75":{"start":{"line":76,"column":0},"end":{"line":76,"column":46}},"76":{"start":{"line":77,"column":0},"end":{"line":77,"column":16}},"78":{"start":{"line":79,"column":0},"end":{"line":79,"column":45}},"79":{"start":{"line":80,"column":0},"end":{"line":80,"column":42}},"80":{"start":{"line":81,"column":0},"end":{"line":81,"column":37}},"81":{"start":{"line":82,"column":0},"end":{"line":82,"column":15}},"84":{"start":{"line":85,"column":0},"end":{"line":85,"column":16}},"85":{"start":{"line":86,"column":0},"end":{"line":86,"column":47}},"86":{"start":{"line":87,"column":0},"end":{"line":87,"column":16}},"88":{"start":{"line":89,"column":0},"end":{"line":89,"column":47}},"89":{"start":{"line":90,"column":0},"end":{"line":90,"column":42}},"90":{"start":{"line":91,"column":0},"end":{"line":91,"column":34}},"91":{"start":{"line":92,"column":0},"end":{"line":92,"column":15}},"94":{"start":{"line":95,"column":0},"end":{"line":95,"column":16}},"95":{"start":{"line":96,"column":0},"end":{"line":96,"column":41}},"96":{"start":{"line":97,"column":0},"end":{"line":97,"column":16}},"97":{"start":{"line":98,"column":0},"end":{"line":98,"column":14}},"98":{"start":{"line":99,"column":0},"end":{"line":99,"column":16}},"101":{"start":{"line":102,"column":0},"end":{"line":102,"column":36}},"102":{"start":{"line":103,"column":0},"end":{"line":103,"column":12}},"103":{"start":{"line":104,"column":0},"end":{"line":104,"column":50}},"104":{"start":{"line":105,"column":0},"end":{"line":105,"column":13}},"106":{"start":{"line":107,"column":0},"end":{"line":107,"column":39}},"107":{"start":{"line":108,"column":0},"end":{"line":108,"column":15}},"108":{"start":{"line":109,"column":0},"end":{"line":109,"column":39}},"109":{"start":{"line":110,"column":0},"end":{"line":110,"column":16}},"110":{"start":{"line":111,"column":0},"end":{"line":111,"column":15}},"111":{"start":{"line":112,"column":0},"end":{"line":112,"column":37}},"112":{"start":{"line":113,"column":0},"end":{"line":113,"column":16}},"113":{"start":{"line":114,"column":0},"end":{"line":114,"column":15}},"114":{"start":{"line":115,"column":0},"end":{"line":115,"column":40}},"115":{"start":{"line":116,"column":0},"end":{"line":116,"column":16}},"116":{"start":{"line":117,"column":0},"end":{"line":117,"column":14}},"117":{"start":{"line":118,"column":0},"end":{"line":118,"column":16}},"118":{"start":{"line":119,"column":0},"end":{"line":119,"column":10}},"120":{"start":{"line":121,"column":0},"end":{"line":121,"column":1}},"122":{"start":{"line":123,"column":0},"end":{"line":123,"column":19}}},"s":{"0":1,"1":1,"2":1,"3":1,"4":1,"5":1,"6":1,"7":1,"10":21,"12":21,"13":21,"15":21,"16":19,"17":1,"18":19,"19":19,"20":21,"22":21,"23":21,"24":21,"25":21,"27":21,"28":21,"29":84,"30":84,"31":84,"33":84,"34":84,"35":21,"38":21,"39":21,"40":21,"41":21,"42":21,"43":21,"44":21,"45":21,"46":21,"47":21,"50":21,"51":21,"52":84,"53":84,"54":84,"55":84,"56":84,"57":21,"58":21,"59":21,"62":21,"63":21,"64":21,"65":21,"67":21,"68":21,"69":21,"70":21,"71":21,"74":21,"75":21,"76":21,"78":21,"79":21,"80":21,"81":21,"84":21,"85":21,"86":21,"88":21,"89":21,"90":21,"91":21,"94":21,"95":21,"96":21,"97":21,"98":21,"101":21,"102":21,"103":21,"104":21,"106":21,"107":21,"108":21,"109":21,"110":21,"111":21,"112":21,"113":21,"114":21,"115":21,"116":21,"117":21,"118":21,"120":21,"122":1},"branchMap":{"0":{"type":"branch","line":11,"loc":{"start":{"line":11,"column":0},"end":{"line":121,"column":1}},"locations":[{"start":{"line":11,"column":0},"end":{"line":121,"column":1}}]},"1":{"type":"branch","line":16,"loc":{"start":{"line":16,"column":12},"end":{"line":21,"column":5}},"locations":[{"start":{"line":16,"column":12},"end":{"line":21,"column":5}}]},"2":{"type":"branch","line":17,"loc":{"start":{"line":17,"column":33},"end":{"line":19,"column":7}},"locations":[{"start":{"line":17,"column":33},"end":{"line":19,"column":7}}]},"3":{"type":"branch","line":18,"loc":{"start":{"line":18,"column":22},"end":{"line":18,"column":59}},"locations":[{"start":{"line":18,"column":22},"end":{"line":18,"column":59}}]},"4":{"type":"branch","line":20,"loc":{"start":{"line":20,"column":11},"end":{"line":20,"column":41}},"locations":[{"start":{"line":20,"column":11},"end":{"line":20,"column":41}}]},"5":{"type":"branch","line":29,"loc":{"start":{"line":29,"column":21},"end":{"line":35,"column":16}},"locations":[{"start":{"line":29,"column":21},"end":{"line":35,"column":16}}]},"6":{"type":"branch","line":32,"loc":{"start":{"line":32,"column":42},"end":{"line":32,"column":68}},"locations":[{"start":{"line":32,"column":42},"end":{"line":32,"column":68}}]},"7":{"type":"branch","line":32,"loc":{"start":{"line":32,"column":57},"end":{"line":32,"column":70}},"locations":[{"start":{"line":32,"column":57},"end":{"line":32,"column":70}}]},"8":{"type":"branch","line":45,"loc":{"start":{"line":45,"column":67},"end":{"line":45,"column":96}},"locations":[{"start":{"line":45,"column":67},"end":{"line":45,"column":96}}]},"9":{"type":"branch","line":46,"loc":{"start":{"line":46,"column":67},"end":{"line":46,"column":95}},"locations":[{"start":{"line":46,"column":67},"end":{"line":46,"column":95}}]},"10":{"type":"branch","line":52,"loc":{"start":{"line":52,"column":23},"end":{"line":57,"column":14}},"locations":[{"start":{"line":52,"column":23},"end":{"line":57,"column":14}}]},"11":{"type":"branch","line":55,"loc":{"start":{"line":55,"column":38},"end":{"line":55,"column":64}},"locations":[{"start":{"line":55,"column":38},"end":{"line":55,"column":64}}]},"12":{"type":"branch","line":55,"loc":{"start":{"line":55,"column":53},"end":{"line":55,"column":66}},"locations":[{"start":{"line":55,"column":53},"end":{"line":55,"column":66}}]},"13":{"type":"branch","line":56,"loc":{"start":{"line":56,"column":23},"end":{"line":56,"column":48}},"locations":[{"start":{"line":56,"column":23},"end":{"line":56,"column":48}}]}},"b":{"0":[21],"1":[19],"2":[1],"3":[1],"4":[19],"5":[84],"6":[21],"7":[63],"8":[1],"9":[1],"10":[84],"11":[21],"12":[63],"13":[1]},"fnMap":{"0":{"name":"App","decl":{"start":{"line":11,"column":0},"end":{"line":121,"column":1}},"loc":{"start":{"line":11,"column":0},"end":{"line":121,"column":1}},"line":11},"1":{"name":"onClick","decl":{"start":{"line":45,"column":67},"end":{"line":45,"column":96}},"loc":{"start":{"line":45,"column":67},"end":{"line":45,"column":96}},"line":45},"2":{"name":"onClick","decl":{"start":{"line":46,"column":67},"end":{"line":46,"column":95}},"loc":{"start":{"line":46,"column":67},"end":{"line":46,"column":95}},"line":46},"3":{"name":"onClick","decl":{"start":{"line":56,"column":23},"end":{"line":56,"column":48}},"loc":{"start":{"line":56,"column":23},"end":{"line":56,"column":48}},"line":56}},"f":{"0":21,"1":1,"2":1,"3":1}}
,"C:\\Users\\alfon\\Desktop\\PROGRAMACION\\PROYECTOS_WEB\\REACT-ZONA_GAMER\\app-Zona-Gamer-V0.1\\src\\pages\\DashboardPage.jsx": {"path":"C:\\Users\\alfon\\Desktop\\PROGRAMACION\\PROYECTOS_WEB\\REACT-ZONA_GAMER\\app-Zona-Gamer-V0.1\\src\\pages\\DashboardPage.jsx","all":true,"statementMap":{"0":{"start":{"line":1,"column":0},"end":{"line":1,"column":33}},"1":{"start":{"line":2,"column":0},"end":{"line":2,"column":70}},"2":{"start":{"line":3,"column":0},"end":{"line":3,"column":76}},"3":{"start":{"line":4,"column":0},"end":{"line":4,"column":70}},"4":{"start":{"line":5,"column":0},"end":{"line":5,"column":56}},"6":{"start":{"line":7,"column":0},"end":{"line":7,"column":25}},"7":{"start":{"line":8,"column":0},"end":{"line":8,"column":67}},"9":{"start":{"line":10,"column":0},"end":{"line":10,"column":33}},"10":{"start":{"line":11,"column":0},"end":{"line":11,"column":32}},"11":{"start":{"line":12,"column":0},"end":{"line":12,"column":28}},"12":{"start":{"line":13,"column":0},"end":{"line":13,"column":46}},"13":{"start":{"line":14,"column":0},"end":{"line":14,"column":20}},"14":{"start":{"line":15,"column":0},"end":{"line":15,"column":46}},"15":{"start":{"line":16,"column":0},"end":{"line":16,"column":9}},"16":{"start":{"line":17,"column":0},"end":{"line":17,"column":6}},"18":{"start":{"line":19,"column":0},"end":{"line":19,"column":12}},"19":{"start":{"line":20,"column":0},"end":{"line":20,"column":91}},"20":{"start":{"line":21,"column":0},"end":{"line":21,"column":29}},"21":{"start":{"line":22,"column":0},"end":{"line":22,"column":26}},"23":{"start":{"line":24,"column":0},"end":{"line":24,"column":2}},"25":{"start":{"line":26,"column":0},"end":{"line":26,"column":25}}},"s":{"0":0,"1":0,"2":0,"3":0,"4":0,"6":0,"7":0,"9":0,"10":0,"11":0,"12":0,"13":0,"14":0,"15":0,"16":0,"18":0,"19":0,"20":0,"21":0,"23":0,"25":0},"branchMap":{"0":{"type":"branch","line":1,"loc":{"start":{"line":1,"column":858},"end":{"line":26,"column":25}},"locations":[{"start":{"line":1,"column":858},"end":{"line":26,"column":25}}]}},"b":{"0":[0]},"fnMap":{"0":{"name":"(empty-report)","decl":{"start":{"line":1,"column":858},"end":{"line":26,"column":25}},"loc":{"start":{"line":1,"column":858},"end":{"line":26,"column":25}},"line":1}},"f":{"0":0}}
,"C:\\Users\\alfon\\Desktop\\PROGRAMACION\\PROYECTOS_WEB\\REACT-ZONA_GAMER\\app-Zona-Gamer-V0.1\\src\\pages\\ProductPage.jsx": {"path":"C:\\Users\\alfon\\Desktop\\PROGRAMACION\\PROYECTOS_WEB\\REACT-ZONA_GAMER\\app-Zona-Gamer-V0.1\\src\\pages\\ProductPage.jsx","all":false,"statementMap":{"0":{"start":{"line":1,"column":0},"end":{"line":1,"column":42}},"1":{"start":{"line":2,"column":0},"end":{"line":2,"column":51}},"2":{"start":{"line":3,"column":0},"end":{"line":3,"column":55}},"3":{"start":{"line":4,"column":0},"end":{"line":4,"column":71}},"4":{"start":{"line":5,"column":0},"end":{"line":5,"column":61}},"5":{"start":{"line":6,"column":0},"end":{"line":6,"column":73}},"6":{"start":{"line":7,"column":0},"end":{"line":7,"column":71}},"7":{"start":{"line":8,"column":0},"end":{"line":8,"column":49}},"11":{"start":{"line":12,"column":0},"end":{"line":12,"column":39}},"12":{"start":{"line":13,"column":0},"end":{"line":13,"column":69}},"13":{"start":{"line":14,"column":0},"end":{"line":14,"column":45}},"14":{"start":{"line":15,"column":0},"end":{"line":15,"column":49}},"16":{"start":{"line":17,"column":0},"end":{"line":17,"column":66}},"17":{"start":{"line":18,"column":0},"end":{"line":18,"column":65}},"20":{"start":{"line":21,"column":0},"end":{"line":21,"column":29}},"21":{"start":{"line":22,"column":0},"end":{"line":22,"column":51}},"22":{"start":{"line":23,"column":0},"end":{"line":23,"column":18}},"23":{"start":{"line":24,"column":0},"end":{"line":24,"column":6}},"25":{"start":{"line":26,"column":0},"end":{"line":26,"column":37}},"26":{"start":{"line":27,"column":0},"end":{"line":27,"column":33}},"28":{"start":{"line":29,"column":0},"end":{"line":29,"column":28}},"29":{"start":{"line":30,"column":0},"end":{"line":30,"column":46}},"30":{"start":{"line":31,"column":0},"end":{"line":31,"column":31}},"31":{"start":{"line":32,"column":0},"end":{"line":32,"column":22}},"32":{"start":{"line":33,"column":0},"end":{"line":33,"column":58}},"33":{"start":{"line":34,"column":0},"end":{"line":34,"column":70}},"34":{"start":{"line":35,"column":0},"end":{"line":35,"column":14}},"35":{"start":{"line":36,"column":0},"end":{"line":36,"column":9}},"37":{"start":{"line":38,"column":0},"end":{"line":38,"column":23}},"38":{"start":{"line":39,"column":0},"end":{"line":39,"column":29}},"39":{"start":{"line":40,"column":0},"end":{"line":40,"column":55}},"40":{"start":{"line":41,"column":0},"end":{"line":41,"column":22}},"41":{"start":{"line":42,"column":0},"end":{"line":42,"column":30}},"42":{"start":{"line":43,"column":0},"end":{"line":43,"column":55}},"43":{"start":{"line":44,"column":0},"end":{"line":44,"column":22}},"44":{"start":{"line":45,"column":0},"end":{"line":45,"column":25}},"45":{"start":{"line":46,"column":0},"end":{"line":46,"column":66}},"46":{"start":{"line":47,"column":0},"end":{"line":47,"column":22}},"47":{"start":{"line":48,"column":0},"end":{"line":48,"column":28}},"48":{"start":{"line":49,"column":0},"end":{"line":49,"column":81}},"49":{"start":{"line":50,"column":0},"end":{"line":50,"column":22}},"50":{"start":{"line":51,"column":0},"end":{"line":51,"column":9}},"52":{"start":{"line":53,"column":0},"end":{"line":53,"column":20}},"53":{"start":{"line":54,"column":0},"end":{"line":54,"column":33}},"55":{"start":{"line":56,"column":0},"end":{"line":56,"column":33}},"56":{"start":{"line":57,"column":0},"end":{"line":57,"column":39}},"57":{"start":{"line":58,"column":0},"end":{"line":58,"column":76}},"58":{"start":{"line":59,"column":0},"end":{"line":59,"column":10}},"59":{"start":{"line":60,"column":0},"end":{"line":60,"column":5}},"61":{"start":{"line":62,"column":0},"end":{"line":62,"column":12}},"62":{"start":{"line":63,"column":0},"end":{"line":63,"column":13}},"63":{"start":{"line":64,"column":0},"end":{"line":64,"column":22}},"64":{"start":{"line":65,"column":0},"end":{"line":65,"column":98}},"65":{"start":{"line":66,"column":0},"end":{"line":66,"column":159}},"66":{"start":{"line":67,"column":0},"end":{"line":67,"column":92}},"68":{"start":{"line":69,"column":0},"end":{"line":69,"column":25}},"69":{"start":{"line":70,"column":0},"end":{"line":70,"column":36}},"70":{"start":{"line":71,"column":0},"end":{"line":71,"column":79}},"71":{"start":{"line":72,"column":0},"end":{"line":72,"column":94}},"72":{"start":{"line":73,"column":0},"end":{"line":73,"column":30}},"74":{"start":{"line":75,"column":0},"end":{"line":75,"column":42}},"75":{"start":{"line":76,"column":0},"end":{"line":76,"column":51}},"76":{"start":{"line":77,"column":0},"end":{"line":77,"column":57}},"77":{"start":{"line":78,"column":0},"end":{"line":78,"column":61}},"78":{"start":{"line":79,"column":0},"end":{"line":79,"column":26}},"80":{"start":{"line":81,"column":0},"end":{"line":81,"column":24}},"82":{"start":{"line":83,"column":0},"end":{"line":83,"column":26}},"83":{"start":{"line":84,"column":0},"end":{"line":84,"column":45}},"84":{"start":{"line":85,"column":0},"end":{"line":85,"column":64}},"86":{"start":{"line":87,"column":0},"end":{"line":87,"column":37}},"87":{"start":{"line":88,"column":0},"end":{"line":88,"column":39}},"88":{"start":{"line":89,"column":0},"end":{"line":89,"column":50}},"89":{"start":{"line":90,"column":0},"end":{"line":90,"column":35}},"90":{"start":{"line":91,"column":0},"end":{"line":91,"column":46}},"91":{"start":{"line":92,"column":0},"end":{"line":92,"column":22}},"92":{"start":{"line":93,"column":0},"end":{"line":93,"column":74}},"93":{"start":{"line":94,"column":0},"end":{"line":94,"column":26}},"94":{"start":{"line":95,"column":0},"end":{"line":95,"column":19}},"95":{"start":{"line":96,"column":0},"end":{"line":96,"column":14}},"97":{"start":{"line":98,"column":0},"end":{"line":98,"column":1}}},"s":{"0":1,"1":1,"2":1,"3":1,"4":1,"5":1,"6":1,"7":1,"11":24,"12":24,"13":24,"14":24,"16":24,"17":24,"20":24,"21":24,"22":24,"23":24,"25":24,"26":24,"28":24,"29":4,"30":4,"31":4,"32":12,"33":9,"34":4,"35":4,"37":24,"38":24,"39":1,"40":1,"41":24,"42":1,"43":1,"44":24,"45":1,"46":1,"47":24,"48":21,"49":21,"50":24,"52":24,"53":24,"55":24,"56":0,"57":0,"58":0,"59":0,"61":24,"62":24,"63":24,"64":24,"65":24,"66":24,"68":24,"69":24,"70":1,"71":1,"72":1,"74":23,"75":23,"76":23,"77":23,"78":23,"80":24,"82":24,"83":24,"84":22,"86":24,"87":24,"88":24,"89":24,"90":24,"91":24,"92":24,"93":24,"94":24,"95":24,"97":24},"branchMap":{"0":{"type":"branch","line":12,"loc":{"start":{"line":12,"column":0},"end":{"line":98,"column":1}},"locations":[{"start":{"line":12,"column":0},"end":{"line":98,"column":1}}]},"1":{"type":"branch","line":70,"loc":{"start":{"line":70,"column":21},"end":{"line":73,"column":30}},"locations":[{"start":{"line":70,"column":21},"end":{"line":73,"column":30}}]},"2":{"type":"branch","line":73,"loc":{"start":{"line":73,"column":24},"end":{"line":79,"column":26}},"locations":[{"start":{"line":73,"column":24},"end":{"line":79,"column":26}}]},"3":{"type":"branch","line":84,"loc":{"start":{"line":84,"column":39},"end":{"line":85,"column":64}},"locations":[{"start":{"line":84,"column":39},"end":{"line":85,"column":64}}]},"4":{"type":"branch","line":22,"loc":{"start":{"line":22,"column":8},"end":{"line":22,"column":51}},"locations":[{"start":{"line":22,"column":8},"end":{"line":22,"column":51}}]},"5":{"type":"branch","line":22,"loc":{"start":{"line":22,"column":30},"end":{"line":22,"column":49}},"locations":[{"start":{"line":22,"column":30},"end":{"line":22,"column":49}}]},"6":{"type":"branch","line":26,"loc":{"start":{"line":26,"column":30},"end":{"line":54,"column":7}},"locations":[{"start":{"line":26,"column":30},"end":{"line":54,"column":7}}]},"7":{"type":"branch","line":29,"loc":{"start":{"line":29,"column":27},"end":{"line":36,"column":9}},"locations":[{"start":{"line":29,"column":27},"end":{"line":36,"column":9}}]},"8":{"type":"branch","line":39,"loc":{"start":{"line":39,"column":12},"end":{"line":41,"column":22}},"locations":[{"start":{"line":39,"column":12},"end":{"line":41,"column":22}}]},"9":{"type":"branch","line":42,"loc":{"start":{"line":42,"column":12},"end":{"line":44,"column":22}},"locations":[{"start":{"line":42,"column":12},"end":{"line":44,"column":22}}]},"10":{"type":"branch","line":45,"loc":{"start":{"line":45,"column":12},"end":{"line":47,"column":22}},"locations":[{"start":{"line":45,"column":12},"end":{"line":47,"column":22}}]},"11":{"type":"branch","line":48,"loc":{"start":{"line":48,"column":12},"end":{"line":50,"column":22}},"locations":[{"start":{"line":48,"column":12},"end":{"line":50,"column":22}}]},"12":{"type":"branch","line":32,"loc":{"start":{"line":32,"column":16},"end":{"line":34,"column":70}},"locations":[{"start":{"line":32,"column":16},"end":{"line":34,"column":70}}]},"13":{"type":"branch","line":33,"loc":{"start":{"line":33,"column":54},"end":{"line":34,"column":70}},"locations":[{"start":{"line":33,"column":54},"end":{"line":34,"column":70}}]},"14":{"type":"branch","line":34,"loc":{"start":{"line":34,"column":23},"end":{"line":34,"column":42}},"locations":[{"start":{"line":34,"column":23},"end":{"line":34,"column":42}}]},"15":{"type":"branch","line":40,"loc":{"start":{"line":40,"column":26},"end":{"line":40,"column":53}},"locations":[{"start":{"line":40,"column":26},"end":{"line":40,"column":53}}]},"16":{"type":"branch","line":43,"loc":{"start":{"line":43,"column":26},"end":{"line":43,"column":53}},"locations":[{"start":{"line":43,"column":26},"end":{"line":43,"column":53}}]},"17":{"type":"branch","line":46,"loc":{"start":{"line":46,"column":26},"end":{"line":46,"column":64}},"locations":[{"start":{"line":46,"column":26},"end":{"line":46,"column":64}}]},"18":{"type":"branch","line":49,"loc":{"start":{"line":49,"column":26},"end":{"line":49,"column":79}},"locations":[{"start":{"line":49,"column":26},"end":{"line":49,"column":79}}]}},"b":{"0":[24],"1":[1],"2":[23],"3":[22],"4":[16],"5":[43],"6":[24],"7":[4],"8":[1],"9":[1],"10":[1],"11":[21],"12":[12],"13":[9],"14":[0],"15":[4],"16":[4],"17":[2],"18":[30]},"fnMap":{"0":{"name":"ProductPage","decl":{"start":{"line":12,"column":0},"end":{"line":98,"column":1}},"loc":{"start":{"line":12,"column":0},"end":{"line":98,"column":1}},"line":12},"1":{"name":"toggleCategory","decl":{"start":{"line":56,"column":4},"end":{"line":60,"column":5}},"loc":{"start":{"line":56,"column":4},"end":{"line":60,"column":5}},"line":56}},"f":{"0":24,"1":0}}
}
