TN:
SF:src\components\Dashboard\DashboardLayout.jsx
FN:1,(empty-report)
FNF:1
FNH:0
FNDA:0,(empty-report)
DA:1,0
DA:3,0
DA:4,0
DA:5,0
DA:6,0
DA:8,0
DA:11,0
DA:12,0
DA:13,0
DA:14,0
DA:15,0
DA:16,0
DA:17,0
DA:19,0
DA:21,0
LF:15
LH:0
BRDA:1,0,0,0
BRF:1
BRH:0
end_of_record
TN:
SF:src\components\Dashboard\ProductsManagement.jsx
FN:1,(empty-report)
FNF:1
FNH:0
FNDA:0,(empty-report)
DA:1,0
DA:2,0
DA:3,0
DA:5,0
DA:7,0
DA:8,0
DA:9,0
DA:10,0
DA:13,0
DA:14,0
DA:15,0
DA:18,0
DA:19,0
DA:22,0
DA:23,0
DA:24,0
DA:25,0
DA:26,0
DA:27,0
DA:28,0
DA:29,0
DA:32,0
DA:33,0
DA:34,0
DA:36,0
DA:37,0
DA:38,0
DA:39,0
DA:41,0
DA:42,0
DA:43,0
DA:44,0
DA:45,0
DA:47,0
DA:48,0
DA:49,0
DA:50,0
DA:51,0
DA:52,0
DA:53,0
DA:54,0
DA:55,0
DA:56,0
DA:59,0
DA:60,0
DA:61,0
DA:62,0
DA:64,0
DA:65,0
DA:66,0
DA:67,0
DA:68,0
DA:69,0
DA:70,0
DA:71,0
DA:72,0
DA:73,0
DA:76,0
DA:77,0
DA:78,0
DA:79,0
DA:80,0
DA:81,0
DA:82,0
DA:83,0
DA:84,0
DA:85,0
DA:86,0
DA:88,0
DA:89,0
DA:90,0
DA:91,0
DA:92,0
DA:93,0
DA:94,0
DA:95,0
DA:96,0
DA:97,0
DA:98,0
DA:99,0
DA:101,0
DA:102,0
DA:103,0
DA:104,0
DA:105,0
DA:106,0
DA:107,0
DA:108,0
DA:109,0
DA:110,0
DA:111,0
DA:112,0
DA:114,0
DA:115,0
DA:116,0
DA:117,0
DA:119,0
DA:120,0
DA:121,0
DA:122,0
DA:123,0
DA:124,0
DA:125,0
DA:126,0
DA:127,0
DA:128,0
DA:131,0
DA:132,0
DA:133,0
DA:134,0
DA:135,0
DA:136,0
DA:137,0
DA:138,0
DA:139,0
DA:140,0
DA:142,0
DA:143,0
DA:144,0
DA:145,0
DA:147,0
DA:148,0
DA:149,0
DA:150,0
DA:151,0
DA:152,0
DA:153,0
DA:154,0
DA:155,0
DA:156,0
DA:157,0
DA:159,0
DA:160,0
DA:162,0
DA:163,0
DA:164,0
DA:165,0
DA:166,0
DA:167,0
DA:169,0
DA:170,0
DA:171,0
DA:172,0
DA:174,0
DA:175,0
DA:176,0
DA:178,0
DA:180,0
DA:181,0
DA:182,0
DA:184,0
DA:185,0
DA:186,0
DA:187,0
DA:188,0
DA:189,0
DA:190,0
DA:193,0
DA:194,0
DA:195,0
DA:196,0
DA:197,0
DA:198,0
DA:199,0
DA:200,0
DA:201,0
DA:202,0
DA:203,0
DA:204,0
DA:205,0
DA:206,0
DA:207,0
DA:208,0
DA:210,0
DA:211,0
DA:212,0
DA:213,0
DA:214,0
DA:215,0
DA:216,0
DA:217,0
DA:218,0
DA:219,0
DA:220,0
DA:221,0
DA:222,0
DA:223,0
DA:224,0
DA:226,0
DA:227,0
DA:228,0
DA:229,0
DA:230,0
DA:231,0
DA:232,0
DA:233,0
DA:234,0
DA:235,0
DA:236,0
DA:237,0
DA:238,0
DA:239,0
DA:242,0
DA:243,0
DA:244,0
DA:247,0
DA:248,0
DA:249,0
DA:251,0
DA:252,0
DA:253,0
DA:254,0
DA:255,0
DA:256,0
DA:257,0
DA:258,0
DA:259,0
DA:261,0
DA:262,0
DA:263,0
DA:264,0
DA:265,0
DA:266,0
DA:267,0
DA:268,0
DA:269,0
DA:270,0
DA:271,0
DA:272,0
DA:273,0
DA:274,0
DA:275,0
DA:276,0
DA:277,0
DA:278,0
DA:279,0
DA:280,0
DA:281,0
DA:282,0
DA:283,0
DA:284,0
DA:285,0
DA:286,0
DA:287,0
DA:288,0
DA:289,0
DA:290,0
DA:291,0
DA:292,0
DA:293,0
DA:294,0
DA:295,0
DA:296,0
DA:297,0
DA:298,0
DA:299,0
DA:300,0
DA:301,0
DA:302,0
DA:303,0
DA:304,0
DA:305,0
DA:306,0
DA:307,0
DA:308,0
DA:309,0
DA:311,0
DA:312,0
DA:313,0
DA:314,0
DA:315,0
DA:316,0
DA:317,0
DA:318,0
DA:320,0
DA:321,0
DA:322,0
DA:323,0
DA:324,0
DA:325,0
DA:326,0
DA:327,0
DA:328,0
DA:329,0
DA:330,0
DA:332,0
DA:335,0
DA:336,0
DA:337,0
DA:338,0
DA:339,0
DA:340,0
DA:341,0
DA:342,0
DA:343,0
DA:344,0
DA:345,0
DA:347,0
DA:348,0
DA:349,0
DA:350,0
DA:351,0
DA:353,0
DA:354,0
DA:355,0
DA:356,0
DA:357,0
DA:358,0
DA:359,0
DA:360,0
DA:361,0
DA:362,0
DA:363,0
DA:364,0
DA:365,0
DA:367,0
DA:368,0
DA:369,0
DA:370,0
DA:371,0
DA:372,0
DA:373,0
DA:374,0
DA:376,0
DA:377,0
DA:378,0
DA:379,0
DA:380,0
DA:381,0
DA:382,0
DA:383,0
DA:384,0
DA:386,0
DA:388,0
DA:389,0
DA:390,0
DA:391,0
DA:393,0
DA:394,0
DA:395,0
DA:396,0
DA:397,0
DA:398,0
DA:399,0
DA:400,0
DA:401,0
DA:402,0
DA:403,0
DA:404,0
DA:405,0
DA:406,0
DA:407,0
DA:409,0
DA:410,0
DA:411,0
DA:412,0
DA:413,0
DA:414,0
DA:415,0
DA:416,0
DA:417,0
DA:418,0
DA:419,0
DA:420,0
DA:421,0
DA:422,0
DA:424,0
DA:425,0
DA:426,0
DA:427,0
DA:428,0
DA:429,0
DA:430,0
DA:431,0
DA:432,0
DA:433,0
DA:434,0
DA:436,0
DA:437,0
DA:438,0
DA:439,0
DA:440,0
DA:441,0
DA:442,0
DA:443,0
DA:444,0
DA:445,0
DA:446,0
DA:448,0
DA:449,0
DA:450,0
DA:451,0
DA:452,0
DA:454,0
DA:455,0
DA:456,0
DA:457,0
DA:458,0
DA:459,0
DA:460,0
DA:461,0
DA:462,0
DA:464,0
DA:465,0
DA:466,0
DA:467,0
DA:468,0
DA:472,0
DA:473,0
DA:474,0
DA:475,0
DA:476,0
DA:477,0
DA:478,0
DA:479,0
DA:480,0
DA:481,0
DA:482,0
DA:483,0
DA:485,0
DA:486,0
DA:487,0
DA:488,0
DA:489,0
DA:491,0
DA:492,0
DA:493,0
DA:494,0
DA:495,0
DA:496,0
DA:497,0
DA:498,0
DA:499,0
DA:500,0
DA:501,0
DA:502,0
DA:504,0
DA:505,0
DA:506,0
DA:507,0
DA:508,0
DA:509,0
DA:510,0
DA:511,0
DA:513,0
DA:514,0
DA:515,0
DA:516,0
DA:517,0
DA:518,0
DA:519,0
DA:520,0
DA:521,0
DA:523,0
DA:525,0
DA:526,0
DA:527,0
DA:528,0
DA:530,0
DA:531,0
DA:532,0
DA:533,0
DA:534,0
DA:535,0
DA:536,0
DA:537,0
DA:538,0
DA:539,0
DA:540,0
DA:541,0
DA:542,0
DA:543,0
DA:545,0
DA:546,0
DA:547,0
DA:548,0
DA:549,0
DA:550,0
DA:551,0
DA:552,0
DA:553,0
DA:554,0
DA:555,0
DA:556,0
DA:557,0
DA:559,0
DA:560,0
DA:561,0
DA:562,0
DA:563,0
DA:564,0
DA:565,0
DA:566,0
DA:567,0
DA:568,0
DA:570,0
DA:571,0
DA:572,0
DA:573,0
DA:574,0
DA:575,0
DA:576,0
DA:577,0
DA:578,0
DA:579,0
DA:581,0
DA:582,0
DA:583,0
DA:584,0
DA:585,0
DA:587,0
DA:588,0
DA:589,0
DA:590,0
DA:591,0
DA:592,0
DA:593,0
DA:594,0
DA:595,0
DA:596,0
DA:598,0
DA:599,0
DA:600,0
DA:601,0
DA:602,0
DA:606,0
DA:607,0
DA:608,0
DA:609,0
DA:610,0
DA:611,0
DA:612,0
DA:613,0
DA:614,0
DA:615,0
DA:616,0
DA:617,0
DA:618,0
DA:620,0
DA:621,0
DA:622,0
DA:623,0
DA:624,0
DA:626,0
DA:627,0
DA:628,0
DA:629,0
DA:630,0
DA:631,0
DA:632,0
DA:633,0
DA:635,0
DA:636,0
DA:637,0
DA:638,0
DA:639,0
DA:641,0
DA:643,0
DA:645,0
LF:559
LH:0
BRDA:1,0,0,0
BRF:1
BRH:0
end_of_record
TN:
SF:src\components\Dashboard\Settings.jsx
FN:1,(empty-report)
FNF:1
FNH:0
FNDA:0,(empty-report)
DA:1,0
DA:2,0
DA:3,0
DA:5,0
DA:6,0
DA:7,0
DA:8,0
DA:11,0
DA:13,0
DA:14,0
DA:15,0
DA:16,0
DA:17,0
DA:19,0
DA:20,0
DA:21,0
DA:22,0
DA:23,0
DA:24,0
DA:25,0
DA:26,0
DA:27,0
DA:29,0
DA:30,0
DA:31,0
DA:32,0
DA:33,0
DA:34,0
DA:35,0
DA:36,0
DA:37,0
DA:40,0
DA:41,0
DA:42,0
DA:43,0
DA:44,0
DA:45,0
DA:46,0
DA:47,0
DA:48,0
DA:49,0
DA:50,0
DA:51,0
DA:52,0
DA:53,0
DA:54,0
DA:55,0
DA:56,0
DA:59,0
DA:60,0
DA:61,0
DA:62,0
DA:64,0
DA:65,0
DA:67,0
DA:68,0
DA:70,0
DA:71,0
DA:72,0
DA:75,0
DA:76,0
DA:77,0
DA:78,0
DA:79,0
DA:81,0
DA:82,0
DA:83,0
DA:84,0
DA:85,0
DA:86,0
DA:87,0
DA:88,0
DA:89,0
DA:91,0
DA:92,0
DA:93,0
DA:94,0
DA:95,0
DA:96,0
DA:97,0
DA:98,0
DA:99,0
DA:100,0
DA:103,0
DA:104,0
DA:106,0
DA:107,0
DA:108,0
DA:110,0
DA:112,0
LF:90
LH:0
BRDA:1,0,0,0
BRF:1
BRH:0
end_of_record
TN:
SF:src\components\Dashboard\Sidebar.jsx
FN:1,(empty-report)
FNF:1
FNH:0
FNDA:0,(empty-report)
DA:1,0
DA:2,0
DA:3,0
DA:4,0
DA:5,0
DA:6,0
DA:7,0
DA:8,0
DA:9,0
DA:11,0
DA:12,0
DA:14,0
DA:15,0
DA:17,0
DA:18,0
DA:19,0
DA:20,0
DA:23,0
DA:24,0
DA:25,0
DA:26,0
DA:27,0
DA:28,0
DA:29,0
DA:30,0
DA:31,0
DA:33,0
DA:34,0
DA:35,0
DA:36,0
DA:37,0
DA:40,0
DA:41,0
DA:42,0
DA:43,0
DA:44,0
DA:45,0
DA:46,0
DA:48,0
DA:49,0
DA:50,0
DA:51,0
DA:52,0
DA:53,0
DA:54,0
DA:55,0
DA:57,0
DA:59,0
LF:48
LH:0
BRDA:1,0,0,0
BRF:1
BRH:0
end_of_record
TN:
SF:src\components\Dashboard\UsersManagement.jsx
FN:1,(empty-report)
FNF:1
FNH:0
FNDA:0,(empty-report)
DA:1,0
DA:3,0
DA:4,0
DA:5,0
DA:6,0
DA:7,0
DA:8,0
DA:10,0
DA:11,0
DA:13,0
DA:14,0
DA:15,0
DA:16,0
DA:17,0
DA:18,0
DA:19,0
DA:20,0
DA:21,0
DA:23,0
DA:24,0
DA:27,0
DA:28,0
DA:29,0
DA:30,0
DA:31,0
DA:32,0
DA:33,0
DA:34,0
DA:35,0
DA:36,0
DA:37,0
DA:38,0
DA:39,0
DA:40,0
DA:42,0
DA:43,0
DA:44,0
DA:45,0
DA:46,0
DA:47,0
DA:48,0
DA:49,0
DA:50,0
DA:51,0
DA:52,0
DA:53,0
DA:54,0
DA:55,0
DA:58,0
DA:59,0
DA:60,0
DA:61,0
DA:62,0
DA:63,0
DA:64,0
DA:65,0
DA:66,0
DA:67,0
DA:68,0
DA:69,0
DA:70,0
DA:71,0
DA:72,0
DA:73,0
DA:74,0
DA:75,0
DA:76,0
DA:77,0
DA:78,0
DA:79,0
DA:80,0
DA:81,0
DA:82,0
DA:83,0
DA:84,0
DA:85,0
DA:86,0
DA:87,0
DA:88,0
DA:89,0
DA:90,0
DA:91,0
DA:92,0
DA:93,0
DA:94,0
DA:95,0
DA:96,0
DA:97,0
DA:98,0
DA:99,0
DA:100,0
DA:101,0
DA:102,0
DA:103,0
DA:104,0
DA:105,0
DA:106,0
DA:107,0
DA:108,0
DA:109,0
DA:110,0
DA:111,0
DA:112,0
DA:113,0
DA:114,0
DA:115,0
DA:116,0
DA:118,0
DA:120,0
LF:109
LH:0
BRDA:1,0,0,0
BRF:1
BRH:0
end_of_record
TN:
SF:src\components\Login\Login.jsx
FN:6,Login
FN:17,onSubmit
FNF:2
FNH:2
FNDA:37,Login
FNDA:3,onSubmit
DA:1,1
DA:2,1
DA:3,1
DA:4,1
DA:6,1
DA:7,37
DA:8,37
DA:9,37
DA:10,37
DA:11,37
DA:12,37
DA:14,37
DA:15,37
DA:17,37
DA:18,3
DA:20,3
DA:21,2
DA:22,2
DA:23,2
DA:24,2
DA:26,1
DA:27,3
DA:29,37
DA:30,37
DA:31,37
DA:32,37
DA:33,37
DA:34,37
DA:36,37
DA:37,37
DA:38,37
DA:39,1
DA:41,37
DA:42,37
DA:44,37
DA:45,37
DA:46,37
DA:48,37
DA:49,37
DA:50,37
DA:51,37
DA:52,37
DA:53,37
DA:54,37
DA:55,37
DA:56,37
DA:57,37
DA:58,37
DA:59,37
DA:60,37
DA:61,37
DA:62,37
DA:63,37
DA:64,37
DA:65,37
DA:66,37
DA:67,37
DA:68,37
DA:69,37
DA:70,37
DA:71,37
DA:72,37
DA:73,5
DA:74,5
DA:75,5
DA:76,5
DA:77,5
DA:78,5
DA:80,37
DA:82,37
DA:83,37
DA:85,37
DA:86,37
DA:87,37
DA:88,37
DA:89,37
DA:90,37
DA:91,37
DA:92,37
DA:93,37
DA:94,37
DA:95,37
DA:96,37
DA:97,37
DA:98,37
DA:99,37
DA:100,37
DA:101,37
DA:102,37
DA:103,37
DA:104,37
DA:105,37
DA:106,37
DA:107,1
DA:108,1
DA:109,1
DA:110,1
DA:111,1
DA:112,1
DA:114,37
DA:115,37
DA:117,37
DA:118,37
DA:119,37
DA:120,37
DA:122,37
DA:124,37
DA:125,37
DA:126,37
DA:128,37
DA:129,37
DA:130,37
DA:131,37
DA:132,37
DA:134,37
DA:136,1
LF:116
LH:116
BRDA:6,0,0,37
BRDA:38,1,0,1
BRDA:70,2,0,5
BRDA:70,3,0,32
BRDA:72,4,0,5
BRDA:104,5,0,1
BRDA:104,6,0,36
BRDA:106,7,0,1
BRDA:17,8,0,3
BRDA:18,9,0,2
BRDA:20,10,0,2
BRDA:24,11,0,1
BRF:12
BRH:12
end_of_record
TN:
SF:src\components\Navbar\Navbar.jsx
FN:4,Navbar
FN:31,className
FN:33,style
FN:54,onMouseEnter
FN:55,onMouseLeave
FNF:5
FNH:3
FNDA:112,Navbar
FNDA:112,className
FNDA:112,style
FNDA:0,onMouseEnter
FNDA:0,onMouseLeave
DA:1,1
DA:2,1
DA:4,112
DA:5,112
DA:6,112
DA:7,112
DA:9,112
DA:10,112
DA:11,112
DA:13,112
DA:14,112
DA:15,112
DA:16,112
DA:17,112
DA:19,112
DA:20,112
DA:22,112
DA:23,112
DA:24,112
DA:25,112
DA:26,112
DA:27,112
DA:29,112
DA:30,112
DA:31,112
DA:32,112
DA:33,112
DA:34,112
DA:35,112
DA:36,112
DA:37,112
DA:38,112
DA:39,112
DA:40,112
DA:41,112
DA:43,112
DA:45,112
DA:46,112
DA:47,112
DA:48,112
DA:49,112
DA:50,112
DA:51,112
DA:52,112
DA:53,112
DA:54,112
DA:55,112
DA:57,112
DA:58,112
DA:59,112
DA:60,112
DA:61,112
DA:62,112
DA:63,112
DA:64,112
DA:65,112
DA:66,112
DA:67,112
DA:68,112
DA:69,112
DA:70,112
DA:71,112
DA:72,112
DA:73,112
DA:74,112
DA:75,112
DA:76,112
DA:77,112
DA:78,112
DA:79,112
DA:80,112
DA:81,112
DA:82,112
DA:83,112
DA:85,112
DA:86,112
DA:87,112
DA:88,112
DA:89,112
DA:90,112
DA:92,112
DA:94,1
LF:82
LH:82
BRDA:4,0,0,112
BRDA:31,1,0,112
BRDA:31,2,0,0
BRDA:33,3,0,112
BRDA:34,4,0,0
BRDA:35,5,0,0
BRDA:38,6,0,0
BRF:7
BRH:3
end_of_record
TN:
SF:src\components\Products\CategoryAccordion.jsx
FN:3,ParentItem
FN:11,onClick
FN:71,CategoryAccordion
FNF:3
FNH:3
FNDA:47,ParentItem
FNDA:1,onClick
FNDA:23,CategoryAccordion
DA:1,1
DA:3,47
DA:4,47
DA:5,47
DA:7,47
DA:8,47
DA:9,47
DA:10,47
DA:11,47
DA:12,47
DA:13,47
DA:14,47
DA:15,47
DA:17,47
DA:18,47
DA:19,47
DA:20,0
DA:22,47
DA:23,47
DA:24,47
DA:25,47
DA:26,47
DA:27,47
DA:29,47
DA:30,47
DA:31,47
DA:33,47
DA:34,47
DA:35,47
DA:36,47
DA:38,47
DA:39,0
DA:40,0
DA:41,0
DA:42,0
DA:43,0
DA:45,0
DA:46,0
DA:47,0
DA:48,0
DA:49,0
DA:61,0
DA:62,0
DA:63,0
DA:65,47
DA:66,47
DA:67,47
DA:69,47
DA:71,23
DA:72,23
DA:73,23
DA:74,23
DA:75,46
DA:76,46
DA:77,46
DA:78,46
DA:79,46
DA:80,46
DA:81,23
DA:82,23
DA:84,23
LF:61
LH:47
BRDA:3,0,0,47
BRDA:12,1,0,0
BRDA:19,2,0,0
BRDA:24,3,0,46
BRDA:24,4,0,1
BRDA:11,5,0,1
BRDA:11,6,0,1
BRDA:71,7,0,23
BRDA:74,8,0,46
BRF:9
BRH:7
end_of_record
TN:
SF:src\components\Products\FeaturedProducts.jsx
FN:5,featuredProducts
FNF:1
FNH:1
FNDA:22,featuredProducts
DA:1,1
DA:5,22
DA:6,22
DA:8,22
DA:9,22
DA:10,22
DA:11,22
DA:13,22
DA:14,22
DA:15,22
DA:16,22
DA:17,22
DA:18,22
DA:19,22
DA:20,22
DA:22,22
LF:16
LH:16
BRDA:5,0,0,22
BRDA:6,1,0,0
BRDA:16,2,0,22
BRF:3
BRH:2
end_of_record
TN:
SF:src\components\Products\LoadingSkeleton.jsx
FN:2,LoadingSkeleton
FNF:1
FNH:1
FNDA:8,LoadingSkeleton
DA:2,8
DA:3,8
DA:4,8
DA:5,8
DA:6,8
DA:7,8
DA:8,8
DA:9,8
DA:11,8
LF:9
LH:9
BRDA:2,0,0,8
BRF:1
BRH:1
end_of_record
TN:
SF:src\components\Products\ProductCard.jsx
FN:1,ProductCard
FNF:1
FNH:1
FNDA:81,ProductCard
DA:1,81
DA:2,81
DA:3,81
DA:4,81
DA:5,81
DA:6,81
DA:7,81
DA:8,81
DA:9,81
DA:10,81
DA:11,81
DA:12,81
DA:13,81
DA:14,81
DA:15,81
DA:16,81
DA:17,81
DA:18,81
DA:20,81
LF:19
LH:19
BRDA:1,0,0,81
BRDA:7,1,0,0
BRDA:13,2,0,0
BRF:3
BRH:1
end_of_record
TN:
SF:src\components\Products\ProductFilterBar.jsx
FN:1,ProductFilterBar
FN:12,onChange
FN:16,onChange
FNF:3
FNH:3
FNDA:24,ProductFilterBar
FNDA:5,onChange
FNDA:3,onChange
DA:1,24
DA:2,24
DA:3,24
DA:4,24
DA:5,24
DA:6,24
DA:7,24
DA:8,24
DA:9,24
DA:10,24
DA:11,24
DA:12,24
DA:13,24
DA:14,24
DA:15,24
DA:16,24
DA:17,24
DA:19,24
DA:20,24
DA:21,24
DA:22,24
DA:23,24
DA:24,24
DA:26,24
LF:24
LH:24
BRDA:1,0,0,24
BRDA:12,1,0,5
BRDA:16,2,0,3
BRF:3
BRH:3
end_of_record
TN:
SF:src\components\Products\ProductGrid.jsx
FN:5,ProductGrid
FNF:1
FNH:1
FNDA:24,ProductGrid
DA:1,1
DA:2,1
DA:5,24
DA:6,24
DA:7,1
DA:8,1
DA:9,1
DA:10,8
DA:11,1
DA:12,1
DA:14,1
DA:16,23
DA:17,23
DA:18,23
DA:19,59
DA:20,23
DA:21,23
DA:23,23
LF:18
LH:18
BRDA:5,0,0,24
BRDA:6,1,0,1
BRDA:14,2,0,23
BRDA:9,3,0,8
BRDA:18,4,0,59
BRF:5
BRH:5
end_of_record
TN:
SF:src\components\Registro\Registro.jsx
FN:5,Register
FN:15,onSubmit
FNF:2
FNH:2
FNDA:30,Register
FNDA:2,onSubmit
DA:1,1
DA:2,1
DA:3,1
DA:5,1
DA:8,30
DA:9,30
DA:10,30
DA:11,30
DA:12,30
DA:13,30
DA:15,30
DA:16,2
DA:17,2
DA:18,2
DA:20,30
DA:21,30
DA:22,30
DA:23,30
DA:24,30
DA:25,30
DA:27,30
DA:28,30
DA:29,30
DA:30,30
DA:31,30
DA:32,30
DA:33,30
DA:34,30
DA:35,30
DA:36,30
DA:37,30
DA:38,30
DA:39,30
DA:40,30
DA:41,30
DA:42,30
DA:43,30
DA:44,30
DA:45,30
DA:46,30
DA:47,30
DA:48,30
DA:49,30
DA:50,30
DA:52,30
DA:53,4
DA:56,30
DA:57,30
DA:58,30
DA:59,30
DA:60,30
DA:61,30
DA:62,30
DA:63,30
DA:64,30
DA:65,30
DA:66,30
DA:67,30
DA:68,30
DA:69,30
DA:70,30
DA:71,30
DA:72,30
DA:73,30
DA:74,30
DA:75,30
DA:76,30
DA:78,30
DA:79,4
DA:82,30
DA:83,30
DA:84,30
DA:85,30
DA:86,30
DA:87,30
DA:88,30
DA:89,30
DA:90,30
DA:91,30
DA:92,30
DA:93,30
DA:94,30
DA:95,30
DA:96,30
DA:97,30
DA:98,30
DA:99,30
DA:100,30
DA:101,30
DA:102,30
DA:103,30
DA:104,30
DA:105,30
DA:106,30
DA:107,5
DA:109,30
DA:110,30
DA:111,30
DA:112,30
DA:113,30
DA:115,30
DA:117,1
LF:102
LH:102
BRDA:5,0,0,30
BRDA:46,1,0,5
BRDA:46,2,0,25
BRDA:52,3,0,4
BRDA:72,4,0,5
BRDA:72,5,0,25
BRDA:78,6,0,4
BRDA:102,7,0,5
BRDA:102,8,0,25
BRDA:106,9,0,5
BRDA:15,10,0,2
BRF:11
BRH:11
end_of_record
TN:
SF:src\hooks\useCategories.js
FN:5,useCategories
FNF:1
FNH:0
FNDA:0,useCategories
DA:1,1
DA:2,1
DA:3,1
DA:4,1
DA:5,1
DA:6,0
DA:7,0
DA:8,0
DA:9,0
DA:10,0
DA:11,0
DA:12,0
DA:13,0
DA:14,0
DA:15,0
DA:16,0
DA:17,0
DA:18,0
DA:19,0
DA:20,0
DA:21,0
DA:22,0
LF:22
LH:5
BRF:0
BRH:0
end_of_record
TN:
SF:src\hooks\useProducts.js
FN:5,useProducts
FNF:1
FNH:0
FNDA:0,useProducts
DA:1,1
DA:2,1
DA:3,1
DA:4,1
DA:5,1
DA:6,0
DA:7,0
DA:8,0
DA:9,0
DA:10,0
DA:11,0
DA:12,0
DA:13,0
DA:14,0
DA:15,0
DA:16,0
DA:17,0
DA:18,0
DA:19,0
DA:20,0
DA:21,0
DA:22,0
DA:23,0
DA:24,0
DA:25,0
DA:26,0
DA:27,0
LF:27
LH:5
BRF:0
BRH:0
end_of_record
TN:
SF:src\lib\api\productsApi.js
FN:72,fetchProducts
FN:76,fetchCategories
FNF:2
FNH:0
FNDA:0,fetchProducts
FNDA:0,fetchCategories
DA:1,1
DA:2,1
DA:3,1
DA:4,1
DA:5,1
DA:6,1
DA:7,1
DA:8,1
DA:9,1
DA:10,1
DA:11,1
DA:12,1
DA:13,1
DA:14,1
DA:15,1
DA:16,1
DA:17,1
DA:18,1
DA:19,1
DA:20,1
DA:21,1
DA:22,1
DA:23,1
DA:24,1
DA:25,1
DA:26,1
DA:27,1
DA:28,1
DA:29,1
DA:30,1
DA:31,1
DA:32,1
DA:33,1
DA:34,1
DA:35,1
DA:36,1
DA:37,1
DA:38,1
DA:39,1
DA:40,1
DA:41,1
DA:42,1
DA:43,1
DA:44,1
DA:45,1
DA:46,1
DA:47,1
DA:48,1
DA:49,1
DA:50,1
DA:51,1
DA:52,1
DA:53,1
DA:54,1
DA:55,1
DA:56,1
DA:57,1
DA:58,1
DA:59,1
DA:60,1
DA:61,1
DA:62,1
DA:63,1
DA:64,1
DA:65,1
DA:66,1
DA:67,1
DA:68,1
DA:69,1
DA:70,1
DA:71,1
DA:72,1
DA:73,0
DA:74,0
DA:75,1
DA:76,1
DA:77,0
DA:78,0
LF:78
LH:74
BRF:0
BRH:0
end_of_record
TN:
SF:src\lib\api\productsCRUD.js
FN:1,(empty-report)
FNF:1
FNH:0
FNDA:0,(empty-report)
DA:1,0
DA:2,0
DA:3,0
DA:4,0
DA:5,0
DA:6,0
DA:7,0
DA:8,0
DA:9,0
DA:10,0
DA:11,0
DA:12,0
DA:13,0
DA:14,0
DA:15,0
DA:16,0
DA:17,0
DA:18,0
DA:19,0
DA:20,0
DA:21,0
DA:22,0
DA:23,0
DA:24,0
DA:25,0
DA:26,0
DA:27,0
DA:28,0
DA:29,0
DA:30,0
DA:31,0
DA:32,0
DA:33,0
DA:34,0
DA:35,0
DA:36,0
DA:37,0
DA:38,0
DA:39,0
DA:40,0
DA:41,0
DA:42,0
DA:43,0
DA:44,0
DA:45,0
DA:46,0
DA:47,0
DA:48,0
DA:49,0
DA:50,0
DA:51,0
DA:52,0
DA:53,0
DA:54,0
DA:55,0
DA:56,0
DA:57,0
DA:58,0
DA:59,0
DA:60,0
DA:61,0
DA:62,0
DA:63,0
DA:64,0
DA:65,0
DA:66,0
DA:67,0
DA:68,0
DA:69,0
DA:70,0
DA:71,0
DA:72,0
DA:73,0
DA:74,0
DA:75,0
DA:76,0
DA:77,0
DA:78,0
DA:79,0
DA:80,0
DA:81,0
DA:82,0
DA:83,0
DA:84,0
DA:85,0
DA:86,0
DA:87,0
DA:88,0
DA:89,0
DA:90,0
DA:91,0
DA:92,0
DA:93,0
DA:94,0
DA:95,0
DA:96,0
DA:97,0
DA:98,0
DA:99,0
DA:100,0
DA:101,0
DA:102,0
DA:103,0
DA:104,0
DA:105,0
DA:106,0
DA:107,0
DA:108,0
DA:109,0
DA:110,0
DA:111,0
DA:112,0
DA:113,0
DA:114,0
DA:115,0
DA:116,0
DA:117,0
DA:118,0
DA:119,0
DA:120,0
DA:121,0
DA:122,0
DA:123,0
DA:124,0
DA:125,0
DA:126,0
DA:127,0
DA:128,0
DA:129,0
DA:130,0
DA:131,0
DA:132,0
DA:133,0
DA:134,0
DA:135,0
DA:136,0
DA:137,0
DA:138,0
DA:139,0
DA:140,0
DA:141,0
DA:142,0
DA:143,0
DA:144,0
DA:145,0
DA:146,0
DA:147,0
DA:148,0
DA:149,0
DA:150,0
DA:151,0
DA:152,0
DA:153,0
DA:154,0
DA:155,0
DA:156,0
DA:157,0
DA:158,0
DA:159,0
DA:160,0
DA:161,0
DA:162,0
DA:163,0
DA:164,0
DA:165,0
DA:166,0
DA:167,0
DA:168,0
DA:169,0
DA:170,0
DA:171,0
DA:172,0
DA:173,0
DA:174,0
DA:175,0
DA:176,0
DA:177,0
DA:178,0
DA:179,0
DA:180,0
DA:181,0
DA:182,0
DA:183,0
DA:184,0
DA:185,0
DA:186,0
DA:187,0
DA:188,0
DA:189,0
DA:190,0
DA:191,0
DA:192,0
DA:193,0
DA:194,0
DA:195,0
DA:196,0
DA:197,0
DA:198,0
DA:199,0
DA:200,0
DA:201,0
LF:201
LH:0
BRDA:1,0,0,0
BRF:1
BRH:0
end_of_record
TN:
SF:src\pages\App.jsx
FN:11,App
FN:45,onClick
FN:46,onClick
FN:56,onClick
FNF:4
FNH:4
FNDA:21,App
FNDA:1,onClick
FNDA:1,onClick
FNDA:1,onClick
DA:1,1
DA:2,1
DA:3,1
DA:4,1
DA:5,1
DA:6,1
DA:7,1
DA:8,1
DA:11,21
DA:13,21
DA:14,21
DA:16,21
DA:17,19
DA:18,1
DA:19,19
DA:20,19
DA:21,21
DA:23,21
DA:24,21
DA:25,21
DA:26,21
DA:28,21
DA:29,21
DA:30,84
DA:31,84
DA:32,84
DA:34,84
DA:35,84
DA:36,21
DA:39,21
DA:40,21
DA:41,21
DA:42,21
DA:43,21
DA:44,21
DA:45,21
DA:46,21
DA:47,21
DA:48,21
DA:51,21
DA:52,21
DA:53,84
DA:54,84
DA:55,84
DA:56,84
DA:57,84
DA:58,21
DA:59,21
DA:60,21
DA:63,21
DA:64,21
DA:65,21
DA:66,21
DA:68,21
DA:69,21
DA:70,21
DA:71,21
DA:72,21
DA:75,21
DA:76,21
DA:77,21
DA:79,21
DA:80,21
DA:81,21
DA:82,21
DA:85,21
DA:86,21
DA:87,21
DA:89,21
DA:90,21
DA:91,21
DA:92,21
DA:95,21
DA:96,21
DA:97,21
DA:98,21
DA:99,21
DA:102,21
DA:103,21
DA:104,21
DA:105,21
DA:107,21
DA:108,21
DA:109,21
DA:110,21
DA:111,21
DA:112,21
DA:113,21
DA:114,21
DA:115,21
DA:116,21
DA:117,21
DA:118,21
DA:119,21
DA:121,21
DA:123,1
LF:96
LH:96
BRDA:11,0,0,21
BRDA:16,1,0,19
BRDA:17,2,0,1
BRDA:18,3,0,1
BRDA:20,4,0,19
BRDA:29,5,0,84
BRDA:32,6,0,21
BRDA:32,7,0,63
BRDA:45,8,0,1
BRDA:46,9,0,1
BRDA:52,10,0,84
BRDA:55,11,0,21
BRDA:55,12,0,63
BRDA:56,13,0,1
BRF:14
BRH:14
end_of_record
TN:
SF:src\pages\DashboardPage.jsx
FN:1,(empty-report)
FNF:1
FNH:0
FNDA:0,(empty-report)
DA:1,0
DA:2,0
DA:3,0
DA:4,0
DA:5,0
DA:7,0
DA:8,0
DA:10,0
DA:11,0
DA:12,0
DA:13,0
DA:14,0
DA:15,0
DA:16,0
DA:17,0
DA:19,0
DA:20,0
DA:21,0
DA:22,0
DA:24,0
DA:26,0
LF:21
LH:0
BRDA:1,0,0,0
BRF:1
BRH:0
end_of_record
TN:
SF:src\pages\ProductPage.jsx
FN:12,ProductPage
FN:56,toggleCategory
FNF:2
FNH:1
FNDA:24,ProductPage
FNDA:0,toggleCategory
DA:1,1
DA:2,1
DA:3,1
DA:4,1
DA:5,1
DA:6,1
DA:7,1
DA:8,1
DA:12,24
DA:13,24
DA:14,24
DA:15,24
DA:17,24
DA:18,24
DA:21,24
DA:22,24
DA:23,24
DA:24,24
DA:26,24
DA:27,24
DA:29,24
DA:30,4
DA:31,4
DA:32,4
DA:33,12
DA:34,9
DA:35,4
DA:36,4
DA:38,24
DA:39,24
DA:40,1
DA:41,1
DA:42,24
DA:43,1
DA:44,1
DA:45,24
DA:46,1
DA:47,1
DA:48,24
DA:49,21
DA:50,21
DA:51,24
DA:53,24
DA:54,24
DA:56,24
DA:57,0
DA:58,0
DA:59,0
DA:60,0
DA:62,24
DA:63,24
DA:64,24
DA:65,24
DA:66,24
DA:67,24
DA:69,24
DA:70,24
DA:71,1
DA:72,1
DA:73,1
DA:75,23
DA:76,23
DA:77,23
DA:78,23
DA:79,23
DA:81,24
DA:83,24
DA:84,24
DA:85,22
DA:87,24
DA:88,24
DA:89,24
DA:90,24
DA:91,24
DA:92,24
DA:93,24
DA:94,24
DA:95,24
DA:96,24
DA:98,24
LF:80
LH:76
BRDA:12,0,0,24
BRDA:70,1,0,1
BRDA:73,2,0,23
BRDA:84,3,0,22
BRDA:22,4,0,16
BRDA:22,5,0,43
BRDA:26,6,0,24
BRDA:29,7,0,4
BRDA:39,8,0,1
BRDA:42,9,0,1
BRDA:45,10,0,1
BRDA:48,11,0,21
BRDA:32,12,0,12
BRDA:33,13,0,9
BRDA:34,14,0,0
BRDA:40,15,0,4
BRDA:43,16,0,4
BRDA:46,17,0,2
BRDA:49,18,0,30
BRF:19
BRH:18
end_of_record
